#
# A fatal error has been detected by the Java Runtime Environment:
#
#  EXCEPTION_ACCESS_VIOLATION (0xc0000005) at pc=0x00007ff8c3673936, pid=22112, tid=26568
#
# JRE version: Java(TM) SE Runtime Environment 18.9 (11.0.7+8) (build 11.0.7+8-LTS)
# Java VM: Java HotSpot(TM) 64-Bit Server VM 18.9 (11.0.7+8-LTS, mixed mode, tiered, compressed oops, g1 gc, windows-amd64)
# Problematic frame:
# V  [jvm.dll+0x6f3936]
#
# No core dump will be written. Minidumps are not enabled by default on client versions of Windows
#
# If you would like to submit a bug report, please visit:
#   https://bugreport.java.com/bugreport/crash.jsp
#

---------------  S U M M A R Y ------------

Command Line: -Dcom.sun.management.jmxremote -Dcom.sun.management.jmxremote.port=63544 -Dcom.sun.management.jmxremote.authenticate=false -Dcom.sun.management.jmxremote.ssl=false -Djava.rmi.server.hostname=localhost -Dspring.jmx.enabled=true -Dspring.application.admin.enabled=true -Dsun.java2d.d3d=false -Xverify:none -XX:TieredStopAtLevel=1 -Dspring.boot.project.name=order-service -Dfile.encoding=Cp1252 org.as.devtechsolution.order.OrderServiceApplication --spring.output.ansi.enabled=always

Host: Intel(R) Core(TM) i3-5005U CPU @ 2.00GHz, 4 cores, 11G,  Windows 10 , 64 bit Build 19041 (10.0.19041.1023)
Time: Tue Jul 13 22:55:07 2021 India Standard Time elapsed time: 1 seconds (0d 0h 0m 1s)

---------------  T H R E A D  ---------------

Current thread (0x0000026616832800):  WatcherThread [stack: 0x00000067bec00000,0x00000067bed00000] [id=26568]

Stack: [0x00000067bec00000,0x00000067bed00000],  sp=0x00000067becff750,  free space=1021k
Native frames: (J=compiled Java code, j=interpreted, Vv=VM code, C=native code)
V  [jvm.dll+0x6f3936]
V  [jvm.dll+0x73fc7d]
V  [jvm.dll+0x765fe9]
V  [jvm.dll+0x75e875]
V  [jvm.dll+0x660b26]
C  [ucrtbase.dll+0x21bb2]
C  [KERNEL32.DLL+0x17034]
C  [ntdll.dll+0x52651]


siginfo: EXCEPTION_ACCESS_VIOLATION (0xc0000005), reading address 0x000000100000000f


Register to memory mapping:

RIP=0x00007ff8c3673936 jvm.dll
RAX=0x000000100000000f is an unknown value
RBX=0x0 is NULL
RCX=0x00000266167b4580 points into unknown readable memory: e8 4a 88 c3 f8 7f 00 00
RDX=0x0000000000000039 is an unknown value
RSP=0x00000067becff750 points into unknown readable memory: 00 28 83 16 66 02 00 00
RBP=0x0000000000000002 is an unknown value
RSI=0x00000266167c8150 points into unknown readable memory: 0f 00 00 00 10 00 00 00
RDI=0x0000000000000001 is an unknown value
R8 =0x0 is NULL
R9 =0x0000026600000b80 is at begin+0 in a stub
StubRoutines::atomic_cmpxchg_long [0x0000026600000b80, 0x0000026600000b89[ (9 bytes)
R10=0x00000000546c6148 is an unknown value
R11=0x000001ebe2bdc6b4 is an unknown value
R12=0x0 is NULL
R13=0x0000026616832800 points into unknown readable memory: 18 92 88 c3 f8 7f 00 00
R14=0x0000000000000039 is an unknown value
R15=0x000002661667ee00 points into unknown readable memory: 00 00 00 00 00 00 00 00


Registers:
RAX=0x000000100000000f, RBX=0x0000000000000000, RCX=0x00000266167b4580, RDX=0x0000000000000039
RSP=0x00000067becff750, RBP=0x0000000000000002, RSI=0x00000266167c8150, RDI=0x0000000000000001
R8 =0x0000000000000000, R9 =0x0000026600000b80, R10=0x00000000546c6148, R11=0x000001ebe2bdc6b4
R12=0x0000000000000000, R13=0x0000026616832800, R14=0x0000000000000039, R15=0x000002661667ee00
RIP=0x00007ff8c3673936, EFLAGS=0x0000000000010246

Top of Stack: (sp=0x00000067becff750)
0x00000067becff750:   0000026616832800 0000026616832800
0x00000067becff760:   0001072222e55f28 00007ff8c35b42d9
0x00000067becff770:   00007ff8c3a2abc8 00007ff8c36bfc7d
0x00000067becff780:   00000266747ca7a0 00000266747ca7a0
0x00000067becff790:   00000266747ca7a0 431bde82d7b634db
0x00000067becff7a0:   000002661667ee00 0001072222e55f28
0x00000067becff7b0:   00000266747ca7a0 00007ff8c36e5fe9
0x00000067becff7c0:   0000000000000001 0000000000000039
0x00000067becff7d0:   0000000000000032 0000000000000002
0x00000067becff7e0:   0000000000000000 0000000000000000
0x00000067becff7f0:   0000000000000000 00007ff91df02630
0x00000067becff800:   000000000000027f 0000000000000000
0x00000067becff810:   0000000000000000 0000ffff00001f80
0x00000067becff820:   0000026616832800 0000000000000000
0x00000067becff830:   0000000000100000 00000067becffb00
0x00000067becff840:   00000067bec00000 00007ff8c36de875 

Instructions: (pc=0x00007ff8c3673936)
0x00007ff8c3673916:   cc cc cc cc cc cc cc cc cc cc 48 89 5c 24 10 56
0x00007ff8c3673926:   48 83 ec 20 48 8b 35 67 23 3b 00 33 db 48 8b 06
0x00007ff8c3673936:   39 18 7e 27 48 89 7c 24 30 8b fb 48 8b 40 18 48
0x00007ff8c3673946:   8b 0c 07 48 8b 01 ff 50 08 48 8b 06 48 8d 7f 08 


Stack slot to memory mapping:
stack at sp + 0 slots: 0x0000026616832800 points into unknown readable memory: 18 92 88 c3 f8 7f 00 00
stack at sp + 1 slots: 0x0000026616832800 points into unknown readable memory: 18 92 88 c3 f8 7f 00 00
stack at sp + 2 slots: 0x0001072222e55f28 is an unknown value
stack at sp + 3 slots: 0x00007ff8c35b42d9 jvm.dll
stack at sp + 4 slots: 0x00007ff8c3a2abc8 jvm.dll
stack at sp + 5 slots: 0x00007ff8c36bfc7d jvm.dll
stack at sp + 6 slots: 0x00000266747ca7a0 points into unknown readable memory: 01 00 00 00 00 00 00 00
stack at sp + 7 slots: 0x00000266747ca7a0 points into unknown readable memory: 01 00 00 00 00 00 00 00


---------------  P R O C E S S  ---------------

Threads class SMR info:
_java_thread_list=0x00000266167cbd50, length=12, elements={
0x00000266747d0800, 0x0000026615a90800, 0x0000026615a99800, 0x0000026615af3800,
0x0000026615aab000, 0x0000026615afd800, 0x0000026615ab0800, 0x0000026615c9e800,
0x0000026615d48800, 0x00000266167f0000, 0x00000266167c6000, 0x0000026616793000
}

Java Threads: ( => current thread )
  0x00000266747d0800 JavaThread "main" [_thread_in_Java, id=12452, stack(0x00000067bd700000,0x00000067bd800000)]
  0x0000026615a90800 JavaThread "Reference Handler" daemon [_thread_blocked, id=16268, stack(0x00000067bde00000,0x00000067bdf00000)]
  0x0000026615a99800 JavaThread "Finalizer" daemon [_thread_blocked, id=24680, stack(0x00000067bdf00000,0x00000067be000000)]
  0x0000026615af3800 JavaThread "Signal Dispatcher" daemon [_thread_blocked, id=26408, stack(0x00000067be000000,0x00000067be100000)]
  0x0000026615aab000 JavaThread "Attach Listener" daemon [_thread_blocked, id=13756, stack(0x00000067be100000,0x00000067be200000)]
  0x0000026615afd800 JavaThread "C1 CompilerThread0" daemon [_thread_in_vm, id=25904, stack(0x00000067be200000,0x00000067be300000)]
  0x0000026615ab0800 JavaThread "Sweeper thread" daemon [_thread_blocked, id=16260, stack(0x00000067be300000,0x00000067be400000)]
  0x0000026615c9e800 JavaThread "Common-Cleaner" daemon [_thread_blocked, id=12724, stack(0x00000067be400000,0x00000067be500000)]
  0x0000026615d48800 JavaThread "Service Thread" daemon [_thread_blocked, id=9528, stack(0x00000067be500000,0x00000067be600000)]
  0x00000266167f0000 JavaThread "RMI TCP Accept-0" daemon [_thread_in_native, id=1124, stack(0x00000067be900000,0x00000067bea00000)]
  0x00000266167c6000 JavaThread "RMI TCP Accept-63544" daemon [_thread_in_native, id=14184, stack(0x00000067bea00000,0x00000067beb00000)]
  0x0000026616793000 JavaThread "RMI TCP Accept-0" daemon [_thread_in_native, id=18024, stack(0x00000067beb00000,0x00000067bec00000)]

Other Threads:
  0x0000026615264000 VMThread "VM Thread" [stack: 0x00000067bdd00000,0x00000067bde00000] [id=7584]
=>0x0000026616832800 WatcherThread [stack: 0x00000067bec00000,0x00000067bed00000] [id=26568]
  0x00000266747e6000 GCTaskThread "GC Thread#0" [stack: 0x00000067bd800000,0x00000067bd900000] [id=10696]
  0x0000026616547000 GCTaskThread "GC Thread#1" [stack: 0x00000067be600000,0x00000067be700000] [id=8788]
  0x0000026616549800 GCTaskThread "GC Thread#2" [stack: 0x00000067be700000,0x00000067be800000] [id=15656]
  0x0000026616549000 GCTaskThread "GC Thread#3" [stack: 0x00000067be800000,0x00000067be900000] [id=2228]
  0x000002667482b000 ConcurrentGCThread "G1 Main Marker" [stack: 0x00000067bd900000,0x00000067bda00000] [id=17880]
  0x0000026674830800 ConcurrentGCThread "G1 Conc#0" [stack: 0x00000067bda00000,0x00000067bdb00000] [id=21268]
  0x00000266150cd800 ConcurrentGCThread "G1 Refine#0" [stack: 0x00000067bdb00000,0x00000067bdc00000] [id=23092]
  0x00000266150ce800 ConcurrentGCThread "G1 Young RemSet Sampling" [stack: 0x00000067bdc00000,0x00000067bdd00000] [id=15912]

Threads with active compile tasks:
C1 CompilerThread01027       1       java.nio.charset.Charset::forName (20 bytes)

VM state:not at safepoint (normal execution)

VM Mutex/Monitor currently owned by a thread:  ([mutex/lock_event])
[0x00000266747ca7a0] PeriodicTask_lock - owner thread: 0x0000026616832800

Heap address: 0x0000000741600000, size: 3050 MB, Compressed Oops mode: Zero based, Oop shift amount: 3
Narrow klass base: 0x0000000800000000, Narrow klass shift: 0
Compressed class space size: 1073741824 Address: 0x0000000800000000

Heap:
 garbage-first heap   total 196608K, used 15060K [0x0000000741600000, 0x0000000800000000)
  region size 1024K, 8 young (8192K), 2 survivors (2048K)
 Metaspace       used 12955K, capacity 13298K, committed 13568K, reserved 1060864K
  class space    used 1350K, capacity 1501K, committed 1536K, reserved 1048576K
Heap Regions: E=young(eden), S=young(survivor), O=old, HS=humongous(starts), HC=humongous(continues), CS=collection set, F=free, A=archive, TAMS=top-at-mark-start (previous, next)
|   0|0x0000000741600000, 0x0000000741700000, 0x0000000741700000|100%|HS|  |TAMS 0x0000000741600000, 0x0000000741600000| Complete 
|   1|0x0000000741700000, 0x0000000741700000, 0x0000000741800000|  0%| F|  |TAMS 0x0000000741700000, 0x0000000741700000| Untracked 
|   2|0x0000000741800000, 0x0000000741900000, 0x0000000741900000|100%| O|  |TAMS 0x0000000741800000, 0x0000000741800000| Untracked 
|   3|0x0000000741900000, 0x0000000741a00000, 0x0000000741a00000|100%| O|  |TAMS 0x0000000741900000, 0x0000000741900000| Untracked 
|   4|0x0000000741a00000, 0x0000000741b00000, 0x0000000741b00000|100%| O|  |TAMS 0x0000000741a00000, 0x0000000741a00000| Untracked 
|   5|0x0000000741b00000, 0x0000000741c00000, 0x0000000741c00000|100%| O|  |TAMS 0x0000000741b00000, 0x0000000741b00000| Untracked 
|   6|0x0000000741c00000, 0x0000000741d00000, 0x0000000741d00000|100%| O|  |TAMS 0x0000000741c00000, 0x0000000741c00000| Untracked 
|   7|0x0000000741d00000, 0x0000000741e00000, 0x0000000741e00000|100%| O|  |TAMS 0x0000000741d00000, 0x0000000741d00000| Untracked 
|   8|0x0000000741e00000, 0x0000000741f00000, 0x0000000741f00000|100%| O|  |TAMS 0x0000000741e00000, 0x0000000741e00000| Untracked 
|   9|0x0000000741f00000, 0x0000000741f33a00, 0x0000000742000000| 20%| O|  |TAMS 0x0000000741f00000, 0x0000000741f00000| Untracked 
|  10|0x0000000742000000, 0x0000000742000000, 0x0000000742100000|  0%| F|  |TAMS 0x0000000742000000, 0x0000000742000000| Untracked 
|  11|0x0000000742100000, 0x0000000742100000, 0x0000000742200000|  0%| F|  |TAMS 0x0000000742100000, 0x0000000742100000| Untracked 
|  12|0x0000000742200000, 0x0000000742200000, 0x0000000742300000|  0%| F|  |TAMS 0x0000000742200000, 0x0000000742200000| Untracked 
|  13|0x0000000742300000, 0x0000000742300000, 0x0000000742400000|  0%| F|  |TAMS 0x0000000742300000, 0x0000000742300000| Untracked 
|  14|0x0000000742400000, 0x0000000742400000, 0x0000000742500000|  0%| F|  |TAMS 0x0000000742400000, 0x0000000742400000| Untracked 
|  15|0x0000000742500000, 0x0000000742500000, 0x0000000742600000|  0%| F|  |TAMS 0x0000000742500000, 0x0000000742500000| Untracked 
|  16|0x0000000742600000, 0x0000000742600000, 0x0000000742700000|  0%| F|  |TAMS 0x0000000742600000, 0x0000000742600000| Untracked 
|  17|0x0000000742700000, 0x0000000742700000, 0x0000000742800000|  0%| F|  |TAMS 0x0000000742700000, 0x0000000742700000| Untracked 
|  18|0x0000000742800000, 0x0000000742800000, 0x0000000742900000|  0%| F|  |TAMS 0x0000000742800000, 0x0000000742800000| Untracked 
|  19|0x0000000742900000, 0x0000000742900000, 0x0000000742a00000|  0%| F|  |TAMS 0x0000000742900000, 0x0000000742900000| Untracked 
|  20|0x0000000742a00000, 0x0000000742a00000, 0x0000000742b00000|  0%| F|  |TAMS 0x0000000742a00000, 0x0000000742a00000| Untracked 
|  21|0x0000000742b00000, 0x0000000742b00000, 0x0000000742c00000|  0%| F|  |TAMS 0x0000000742b00000, 0x0000000742b00000| Untracked 
|  22|0x0000000742c00000, 0x0000000742c00000, 0x0000000742d00000|  0%| F|  |TAMS 0x0000000742c00000, 0x0000000742c00000| Untracked 
|  23|0x0000000742d00000, 0x0000000742d00000, 0x0000000742e00000|  0%| F|  |TAMS 0x0000000742d00000, 0x0000000742d00000| Untracked 
|  24|0x0000000742e00000, 0x0000000742e00000, 0x0000000742f00000|  0%| F|  |TAMS 0x0000000742e00000, 0x0000000742e00000| Untracked 
|  25|0x0000000742f00000, 0x0000000742f00000, 0x0000000743000000|  0%| F|  |TAMS 0x0000000742f00000, 0x0000000742f00000| Untracked 
|  26|0x0000000743000000, 0x0000000743000000, 0x0000000743100000|  0%| F|  |TAMS 0x0000000743000000, 0x0000000743000000| Untracked 
|  27|0x0000000743100000, 0x0000000743100000, 0x0000000743200000|  0%| F|  |TAMS 0x0000000743100000, 0x0000000743100000| Untracked 
|  28|0x0000000743200000, 0x0000000743200000, 0x0000000743300000|  0%| F|  |TAMS 0x0000000743200000, 0x0000000743200000| Untracked 
|  29|0x0000000743300000, 0x0000000743300000, 0x0000000743400000|  0%| F|  |TAMS 0x0000000743300000, 0x0000000743300000| Untracked 
|  30|0x0000000743400000, 0x0000000743400000, 0x0000000743500000|  0%| F|  |TAMS 0x0000000743400000, 0x0000000743400000| Untracked 
|  31|0x0000000743500000, 0x0000000743500000, 0x0000000743600000|  0%| F|  |TAMS 0x0000000743500000, 0x0000000743500000| Untracked 
|  32|0x0000000743600000, 0x0000000743600000, 0x0000000743700000|  0%| F|  |TAMS 0x0000000743600000, 0x0000000743600000| Untracked 
|  33|0x0000000743700000, 0x0000000743700000, 0x0000000743800000|  0%| F|  |TAMS 0x0000000743700000, 0x0000000743700000| Untracked 
|  34|0x0000000743800000, 0x0000000743800000, 0x0000000743900000|  0%| F|  |TAMS 0x0000000743800000, 0x0000000743800000| Untracked 
|  35|0x0000000743900000, 0x0000000743900000, 0x0000000743a00000|  0%| F|  |TAMS 0x0000000743900000, 0x0000000743900000| Untracked 
|  36|0x0000000743a00000, 0x0000000743a00000, 0x0000000743b00000|  0%| F|  |TAMS 0x0000000743a00000, 0x0000000743a00000| Untracked 
|  37|0x0000000743b00000, 0x0000000743b00000, 0x0000000743c00000|  0%| F|  |TAMS 0x0000000743b00000, 0x0000000743b00000| Untracked 
|  38|0x0000000743c00000, 0x0000000743c00000, 0x0000000743d00000|  0%| F|  |TAMS 0x0000000743c00000, 0x0000000743c00000| Untracked 
|  39|0x0000000743d00000, 0x0000000743d00000, 0x0000000743e00000|  0%| F|  |TAMS 0x0000000743d00000, 0x0000000743d00000| Untracked 
|  40|0x0000000743e00000, 0x0000000743e00000, 0x0000000743f00000|  0%| F|  |TAMS 0x0000000743e00000, 0x0000000743e00000| Untracked 
|  41|0x0000000743f00000, 0x0000000743f00000, 0x0000000744000000|  0%| F|  |TAMS 0x0000000743f00000, 0x0000000743f00000| Untracked 
|  42|0x0000000744000000, 0x0000000744000000, 0x0000000744100000|  0%| F|  |TAMS 0x0000000744000000, 0x0000000744000000| Untracked 
|  43|0x0000000744100000, 0x0000000744100000, 0x0000000744200000|  0%| F|  |TAMS 0x0000000744100000, 0x0000000744100000| Untracked 
|  44|0x0000000744200000, 0x0000000744200000, 0x0000000744300000|  0%| F|  |TAMS 0x0000000744200000, 0x0000000744200000| Untracked 
|  45|0x0000000744300000, 0x0000000744300000, 0x0000000744400000|  0%| F|  |TAMS 0x0000000744300000, 0x0000000744300000| Untracked 
|  46|0x0000000744400000, 0x0000000744400000, 0x0000000744500000|  0%| F|  |TAMS 0x0000000744400000, 0x0000000744400000| Untracked 
|  47|0x0000000744500000, 0x0000000744500000, 0x0000000744600000|  0%| F|  |TAMS 0x0000000744500000, 0x0000000744500000| Untracked 
|  48|0x0000000744600000, 0x0000000744600000, 0x0000000744700000|  0%| F|  |TAMS 0x0000000744600000, 0x0000000744600000| Untracked 
|  49|0x0000000744700000, 0x0000000744700000, 0x0000000744800000|  0%| F|  |TAMS 0x0000000744700000, 0x0000000744700000| Untracked 
|  50|0x0000000744800000, 0x0000000744800000, 0x0000000744900000|  0%| F|  |TAMS 0x0000000744800000, 0x0000000744800000| Untracked 
|  51|0x0000000744900000, 0x0000000744900000, 0x0000000744a00000|  0%| F|  |TAMS 0x0000000744900000, 0x0000000744900000| Untracked 
|  52|0x0000000744a00000, 0x0000000744a00000, 0x0000000744b00000|  0%| F|  |TAMS 0x0000000744a00000, 0x0000000744a00000| Untracked 
|  53|0x0000000744b00000, 0x0000000744b00000, 0x0000000744c00000|  0%| F|  |TAMS 0x0000000744b00000, 0x0000000744b00000| Untracked 
|  54|0x0000000744c00000, 0x0000000744c00000, 0x0000000744d00000|  0%| F|  |TAMS 0x0000000744c00000, 0x0000000744c00000| Untracked 
|  55|0x0000000744d00000, 0x0000000744d00000, 0x0000000744e00000|  0%| F|  |TAMS 0x0000000744d00000, 0x0000000744d00000| Untracked 
|  56|0x0000000744e00000, 0x0000000744e00000, 0x0000000744f00000|  0%| F|  |TAMS 0x0000000744e00000, 0x0000000744e00000| Untracked 
|  57|0x0000000744f00000, 0x0000000744f00000, 0x0000000745000000|  0%| F|  |TAMS 0x0000000744f00000, 0x0000000744f00000| Untracked 
|  58|0x0000000745000000, 0x0000000745000000, 0x0000000745100000|  0%| F|  |TAMS 0x0000000745000000, 0x0000000745000000| Untracked 
|  59|0x0000000745100000, 0x0000000745100000, 0x0000000745200000|  0%| F|  |TAMS 0x0000000745100000, 0x0000000745100000| Untracked 
|  60|0x0000000745200000, 0x0000000745200000, 0x0000000745300000|  0%| F|  |TAMS 0x0000000745200000, 0x0000000745200000| Untracked 
|  61|0x0000000745300000, 0x0000000745300000, 0x0000000745400000|  0%| F|  |TAMS 0x0000000745300000, 0x0000000745300000| Untracked 
|  62|0x0000000745400000, 0x0000000745400000, 0x0000000745500000|  0%| F|  |TAMS 0x0000000745400000, 0x0000000745400000| Untracked 
|  63|0x0000000745500000, 0x0000000745500000, 0x0000000745600000|  0%| F|  |TAMS 0x0000000745500000, 0x0000000745500000| Untracked 
|  64|0x0000000745600000, 0x0000000745600000, 0x0000000745700000|  0%| F|  |TAMS 0x0000000745600000, 0x0000000745600000| Untracked 
|  65|0x0000000745700000, 0x0000000745700000, 0x0000000745800000|  0%| F|  |TAMS 0x0000000745700000, 0x0000000745700000| Untracked 
|  66|0x0000000745800000, 0x0000000745800000, 0x0000000745900000|  0%| F|  |TAMS 0x0000000745800000, 0x0000000745800000| Untracked 
|  67|0x0000000745900000, 0x0000000745900000, 0x0000000745a00000|  0%| F|  |TAMS 0x0000000745900000, 0x0000000745900000| Untracked 
|  68|0x0000000745a00000, 0x0000000745a00000, 0x0000000745b00000|  0%| F|  |TAMS 0x0000000745a00000, 0x0000000745a00000| Untracked 
|  69|0x0000000745b00000, 0x0000000745b00000, 0x0000000745c00000|  0%| F|  |TAMS 0x0000000745b00000, 0x0000000745b00000| Untracked 
|  70|0x0000000745c00000, 0x0000000745c00000, 0x0000000745d00000|  0%| F|  |TAMS 0x0000000745c00000, 0x0000000745c00000| Untracked 
|  71|0x0000000745d00000, 0x0000000745d00000, 0x0000000745e00000|  0%| F|  |TAMS 0x0000000745d00000, 0x0000000745d00000| Untracked 
|  72|0x0000000745e00000, 0x0000000745e00000, 0x0000000745f00000|  0%| F|  |TAMS 0x0000000745e00000, 0x0000000745e00000| Untracked 
|  73|0x0000000745f00000, 0x0000000745f00000, 0x0000000746000000|  0%| F|  |TAMS 0x0000000745f00000, 0x0000000745f00000| Untracked 
|  74|0x0000000746000000, 0x0000000746000000, 0x0000000746100000|  0%| F|  |TAMS 0x0000000746000000, 0x0000000746000000| Untracked 
|  75|0x0000000746100000, 0x0000000746100000, 0x0000000746200000|  0%| F|  |TAMS 0x0000000746100000, 0x0000000746100000| Untracked 
|  76|0x0000000746200000, 0x0000000746200000, 0x0000000746300000|  0%| F|  |TAMS 0x0000000746200000, 0x0000000746200000| Untracked 
|  77|0x0000000746300000, 0x0000000746300000, 0x0000000746400000|  0%| F|  |TAMS 0x0000000746300000, 0x0000000746300000| Untracked 
|  78|0x0000000746400000, 0x0000000746400000, 0x0000000746500000|  0%| F|  |TAMS 0x0000000746400000, 0x0000000746400000| Untracked 
|  79|0x0000000746500000, 0x0000000746500000, 0x0000000746600000|  0%| F|  |TAMS 0x0000000746500000, 0x0000000746500000| Untracked 
|  80|0x0000000746600000, 0x0000000746600000, 0x0000000746700000|  0%| F|  |TAMS 0x0000000746600000, 0x0000000746600000| Untracked 
|  81|0x0000000746700000, 0x0000000746700000, 0x0000000746800000|  0%| F|  |TAMS 0x0000000746700000, 0x0000000746700000| Untracked 
|  82|0x0000000746800000, 0x0000000746800000, 0x0000000746900000|  0%| F|  |TAMS 0x0000000746800000, 0x0000000746800000| Untracked 
|  83|0x0000000746900000, 0x0000000746900000, 0x0000000746a00000|  0%| F|  |TAMS 0x0000000746900000, 0x0000000746900000| Untracked 
|  84|0x0000000746a00000, 0x0000000746a00000, 0x0000000746b00000|  0%| F|  |TAMS 0x0000000746a00000, 0x0000000746a00000| Untracked 
|  85|0x0000000746b00000, 0x0000000746b00000, 0x0000000746c00000|  0%| F|  |TAMS 0x0000000746b00000, 0x0000000746b00000| Untracked 
|  86|0x0000000746c00000, 0x0000000746c00000, 0x0000000746d00000|  0%| F|  |TAMS 0x0000000746c00000, 0x0000000746c00000| Untracked 
|  87|0x0000000746d00000, 0x0000000746d00000, 0x0000000746e00000|  0%| F|  |TAMS 0x0000000746d00000, 0x0000000746d00000| Untracked 
|  88|0x0000000746e00000, 0x0000000746e00000, 0x0000000746f00000|  0%| F|  |TAMS 0x0000000746e00000, 0x0000000746e00000| Untracked 
|  89|0x0000000746f00000, 0x0000000746f00000, 0x0000000747000000|  0%| F|  |TAMS 0x0000000746f00000, 0x0000000746f00000| Untracked 
|  90|0x0000000747000000, 0x0000000747000000, 0x0000000747100000|  0%| F|  |TAMS 0x0000000747000000, 0x0000000747000000| Untracked 
|  91|0x0000000747100000, 0x0000000747100000, 0x0000000747200000|  0%| F|  |TAMS 0x0000000747100000, 0x0000000747100000| Untracked 
|  92|0x0000000747200000, 0x0000000747200000, 0x0000000747300000|  0%| F|  |TAMS 0x0000000747200000, 0x0000000747200000| Untracked 
|  93|0x0000000747300000, 0x0000000747300000, 0x0000000747400000|  0%| F|  |TAMS 0x0000000747300000, 0x0000000747300000| Untracked 
|  94|0x0000000747400000, 0x0000000747400000, 0x0000000747500000|  0%| F|  |TAMS 0x0000000747400000, 0x0000000747400000| Untracked 
|  95|0x0000000747500000, 0x0000000747500000, 0x0000000747600000|  0%| F|  |TAMS 0x0000000747500000, 0x0000000747500000| Untracked 
|  96|0x0000000747600000, 0x0000000747600000, 0x0000000747700000|  0%| F|  |TAMS 0x0000000747600000, 0x0000000747600000| Untracked 
|  97|0x0000000747700000, 0x0000000747700000, 0x0000000747800000|  0%| F|  |TAMS 0x0000000747700000, 0x0000000747700000| Untracked 
|  98|0x0000000747800000, 0x0000000747800000, 0x0000000747900000|  0%| F|  |TAMS 0x0000000747800000, 0x0000000747800000| Untracked 
|  99|0x0000000747900000, 0x0000000747900000, 0x0000000747a00000|  0%| F|  |TAMS 0x0000000747900000, 0x0000000747900000| Untracked 
| 100|0x0000000747a00000, 0x0000000747a00000, 0x0000000747b00000|  0%| F|  |TAMS 0x0000000747a00000, 0x0000000747a00000| Untracked 
| 101|0x0000000747b00000, 0x0000000747b00000, 0x0000000747c00000|  0%| F|  |TAMS 0x0000000747b00000, 0x0000000747b00000| Untracked 
| 102|0x0000000747c00000, 0x0000000747c00000, 0x0000000747d00000|  0%| F|  |TAMS 0x0000000747c00000, 0x0000000747c00000| Untracked 
| 103|0x0000000747d00000, 0x0000000747d00000, 0x0000000747e00000|  0%| F|  |TAMS 0x0000000747d00000, 0x0000000747d00000| Untracked 
| 104|0x0000000747e00000, 0x0000000747e00000, 0x0000000747f00000|  0%| F|  |TAMS 0x0000000747e00000, 0x0000000747e00000| Untracked 
| 105|0x0000000747f00000, 0x0000000747f00000, 0x0000000748000000|  0%| F|  |TAMS 0x0000000747f00000, 0x0000000747f00000| Untracked 
| 106|0x0000000748000000, 0x0000000748000000, 0x0000000748100000|  0%| F|  |TAMS 0x0000000748000000, 0x0000000748000000| Untracked 
| 107|0x0000000748100000, 0x0000000748100000, 0x0000000748200000|  0%| F|  |TAMS 0x0000000748100000, 0x0000000748100000| Untracked 
| 108|0x0000000748200000, 0x0000000748200000, 0x0000000748300000|  0%| F|  |TAMS 0x0000000748200000, 0x0000000748200000| Untracked 
| 109|0x0000000748300000, 0x0000000748300000, 0x0000000748400000|  0%| F|  |TAMS 0x0000000748300000, 0x0000000748300000| Untracked 
| 110|0x0000000748400000, 0x0000000748400000, 0x0000000748500000|  0%| F|  |TAMS 0x0000000748400000, 0x0000000748400000| Untracked 
| 111|0x0000000748500000, 0x0000000748500000, 0x0000000748600000|  0%| F|  |TAMS 0x0000000748500000, 0x0000000748500000| Untracked 
| 112|0x0000000748600000, 0x0000000748600000, 0x0000000748700000|  0%| F|  |TAMS 0x0000000748600000, 0x0000000748600000| Untracked 
| 113|0x0000000748700000, 0x0000000748700000, 0x0000000748800000|  0%| F|  |TAMS 0x0000000748700000, 0x0000000748700000| Untracked 
| 114|0x0000000748800000, 0x0000000748800000, 0x0000000748900000|  0%| F|  |TAMS 0x0000000748800000, 0x0000000748800000| Untracked 
| 115|0x0000000748900000, 0x0000000748900000, 0x0000000748a00000|  0%| F|  |TAMS 0x0000000748900000, 0x0000000748900000| Untracked 
| 116|0x0000000748a00000, 0x0000000748a00000, 0x0000000748b00000|  0%| F|  |TAMS 0x0000000748a00000, 0x0000000748a00000| Untracked 
| 117|0x0000000748b00000, 0x0000000748b00000, 0x0000000748c00000|  0%| F|  |TAMS 0x0000000748b00000, 0x0000000748b00000| Untracked 
| 118|0x0000000748c00000, 0x0000000748c00000, 0x0000000748d00000|  0%| F|  |TAMS 0x0000000748c00000, 0x0000000748c00000| Untracked 
| 119|0x0000000748d00000, 0x0000000748d00000, 0x0000000748e00000|  0%| F|  |TAMS 0x0000000748d00000, 0x0000000748d00000| Untracked 
| 120|0x0000000748e00000, 0x0000000748e00000, 0x0000000748f00000|  0%| F|  |TAMS 0x0000000748e00000, 0x0000000748e00000| Untracked 
| 121|0x0000000748f00000, 0x0000000748f00000, 0x0000000749000000|  0%| F|  |TAMS 0x0000000748f00000, 0x0000000748f00000| Untracked 
| 122|0x0000000749000000, 0x0000000749000000, 0x0000000749100000|  0%| F|  |TAMS 0x0000000749000000, 0x0000000749000000| Untracked 
| 123|0x0000000749100000, 0x0000000749100000, 0x0000000749200000|  0%| F|  |TAMS 0x0000000749100000, 0x0000000749100000| Untracked 
| 124|0x0000000749200000, 0x0000000749200000, 0x0000000749300000|  0%| F|  |TAMS 0x0000000749200000, 0x0000000749200000| Untracked 
| 125|0x0000000749300000, 0x0000000749300000, 0x0000000749400000|  0%| F|  |TAMS 0x0000000749300000, 0x0000000749300000| Untracked 
| 126|0x0000000749400000, 0x0000000749400000, 0x0000000749500000|  0%| F|  |TAMS 0x0000000749400000, 0x0000000749400000| Untracked 
| 127|0x0000000749500000, 0x0000000749500000, 0x0000000749600000|  0%| F|  |TAMS 0x0000000749500000, 0x0000000749500000| Untracked 
| 128|0x0000000749600000, 0x0000000749600000, 0x0000000749700000|  0%| F|  |TAMS 0x0000000749600000, 0x0000000749600000| Untracked 
| 129|0x0000000749700000, 0x0000000749700000, 0x0000000749800000|  0%| F|  |TAMS 0x0000000749700000, 0x0000000749700000| Untracked 
| 130|0x0000000749800000, 0x0000000749800000, 0x0000000749900000|  0%| F|  |TAMS 0x0000000749800000, 0x0000000749800000| Untracked 
| 131|0x0000000749900000, 0x0000000749900000, 0x0000000749a00000|  0%| F|  |TAMS 0x0000000749900000, 0x0000000749900000| Untracked 
| 132|0x0000000749a00000, 0x0000000749a00000, 0x0000000749b00000|  0%| F|  |TAMS 0x0000000749a00000, 0x0000000749a00000| Untracked 
| 133|0x0000000749b00000, 0x0000000749b00000, 0x0000000749c00000|  0%| F|  |TAMS 0x0000000749b00000, 0x0000000749b00000| Untracked 
| 134|0x0000000749c00000, 0x0000000749c00000, 0x0000000749d00000|  0%| F|  |TAMS 0x0000000749c00000, 0x0000000749c00000| Untracked 
| 135|0x0000000749d00000, 0x0000000749d00000, 0x0000000749e00000|  0%| F|  |TAMS 0x0000000749d00000, 0x0000000749d00000| Untracked 
| 136|0x0000000749e00000, 0x0000000749e00000, 0x0000000749f00000|  0%| F|  |TAMS 0x0000000749e00000, 0x0000000749e00000| Untracked 
| 137|0x0000000749f00000, 0x0000000749f00000, 0x000000074a000000|  0%| F|  |TAMS 0x0000000749f00000, 0x0000000749f00000| Untracked 
| 138|0x000000074a000000, 0x000000074a000000, 0x000000074a100000|  0%| F|  |TAMS 0x000000074a000000, 0x000000074a000000| Untracked 
| 139|0x000000074a100000, 0x000000074a100000, 0x000000074a200000|  0%| F|  |TAMS 0x000000074a100000, 0x000000074a100000| Untracked 
| 140|0x000000074a200000, 0x000000074a200000, 0x000000074a300000|  0%| F|  |TAMS 0x000000074a200000, 0x000000074a200000| Untracked 
| 141|0x000000074a300000, 0x000000074a300000, 0x000000074a400000|  0%| F|  |TAMS 0x000000074a300000, 0x000000074a300000| Untracked 
| 142|0x000000074a400000, 0x000000074a400000, 0x000000074a500000|  0%| F|  |TAMS 0x000000074a400000, 0x000000074a400000| Untracked 
| 143|0x000000074a500000, 0x000000074a500000, 0x000000074a600000|  0%| F|  |TAMS 0x000000074a500000, 0x000000074a500000| Untracked 
| 144|0x000000074a600000, 0x000000074a600000, 0x000000074a700000|  0%| F|  |TAMS 0x000000074a600000, 0x000000074a600000| Untracked 
| 145|0x000000074a700000, 0x000000074a700000, 0x000000074a800000|  0%| F|  |TAMS 0x000000074a700000, 0x000000074a700000| Untracked 
| 146|0x000000074a800000, 0x000000074a800000, 0x000000074a900000|  0%| F|  |TAMS 0x000000074a800000, 0x000000074a800000| Untracked 
| 147|0x000000074a900000, 0x000000074a900000, 0x000000074aa00000|  0%| F|  |TAMS 0x000000074a900000, 0x000000074a900000| Untracked 
| 148|0x000000074aa00000, 0x000000074aa00000, 0x000000074ab00000|  0%| F|  |TAMS 0x000000074aa00000, 0x000000074aa00000| Untracked 
| 149|0x000000074ab00000, 0x000000074ab00000, 0x000000074ac00000|  0%| F|  |TAMS 0x000000074ab00000, 0x000000074ab00000| Untracked 
| 150|0x000000074ac00000, 0x000000074ac00000, 0x000000074ad00000|  0%| F|  |TAMS 0x000000074ac00000, 0x000000074ac00000| Untracked 
| 151|0x000000074ad00000, 0x000000074ad00000, 0x000000074ae00000|  0%| F|  |TAMS 0x000000074ad00000, 0x000000074ad00000| Untracked 
| 152|0x000000074ae00000, 0x000000074ae00000, 0x000000074af00000|  0%| F|  |TAMS 0x000000074ae00000, 0x000000074ae00000| Untracked 
| 153|0x000000074af00000, 0x000000074af00000, 0x000000074b000000|  0%| F|  |TAMS 0x000000074af00000, 0x000000074af00000| Untracked 
| 154|0x000000074b000000, 0x000000074b000000, 0x000000074b100000|  0%| F|  |TAMS 0x000000074b000000, 0x000000074b000000| Untracked 
| 155|0x000000074b100000, 0x000000074b100000, 0x000000074b200000|  0%| F|  |TAMS 0x000000074b100000, 0x000000074b100000| Untracked 
| 156|0x000000074b200000, 0x000000074b200000, 0x000000074b300000|  0%| F|  |TAMS 0x000000074b200000, 0x000000074b200000| Untracked 
| 157|0x000000074b300000, 0x000000074b300000, 0x000000074b400000|  0%| F|  |TAMS 0x000000074b300000, 0x000000074b300000| Untracked 
| 158|0x000000074b400000, 0x000000074b400000, 0x000000074b500000|  0%| F|  |TAMS 0x000000074b400000, 0x000000074b400000| Untracked 
| 159|0x000000074b500000, 0x000000074b500000, 0x000000074b600000|  0%| F|  |TAMS 0x000000074b500000, 0x000000074b500000| Untracked 
| 160|0x000000074b600000, 0x000000074b600000, 0x000000074b700000|  0%| F|  |TAMS 0x000000074b600000, 0x000000074b600000| Untracked 
| 161|0x000000074b700000, 0x000000074b700000, 0x000000074b800000|  0%| F|  |TAMS 0x000000074b700000, 0x000000074b700000| Untracked 
| 162|0x000000074b800000, 0x000000074b800000, 0x000000074b900000|  0%| F|  |TAMS 0x000000074b800000, 0x000000074b800000| Untracked 
| 163|0x000000074b900000, 0x000000074b900000, 0x000000074ba00000|  0%| F|  |TAMS 0x000000074b900000, 0x000000074b900000| Untracked 
| 164|0x000000074ba00000, 0x000000074ba00000, 0x000000074bb00000|  0%| F|  |TAMS 0x000000074ba00000, 0x000000074ba00000| Untracked 
| 165|0x000000074bb00000, 0x000000074bb00000, 0x000000074bc00000|  0%| F|  |TAMS 0x000000074bb00000, 0x000000074bb00000| Untracked 
| 166|0x000000074bc00000, 0x000000074bc00000, 0x000000074bd00000|  0%| F|  |TAMS 0x000000074bc00000, 0x000000074bc00000| Untracked 
| 167|0x000000074bd00000, 0x000000074bd00000, 0x000000074be00000|  0%| F|  |TAMS 0x000000074bd00000, 0x000000074bd00000| Untracked 
| 168|0x000000074be00000, 0x000000074be00000, 0x000000074bf00000|  0%| F|  |TAMS 0x000000074be00000, 0x000000074be00000| Untracked 
| 169|0x000000074bf00000, 0x000000074bf00000, 0x000000074c000000|  0%| F|  |TAMS 0x000000074bf00000, 0x000000074bf00000| Untracked 
| 170|0x000000074c000000, 0x000000074c000000, 0x000000074c100000|  0%| F|  |TAMS 0x000000074c000000, 0x000000074c000000| Untracked 
| 171|0x000000074c100000, 0x000000074c100000, 0x000000074c200000|  0%| F|  |TAMS 0x000000074c100000, 0x000000074c100000| Untracked 
| 172|0x000000074c200000, 0x000000074c200000, 0x000000074c300000|  0%| F|  |TAMS 0x000000074c200000, 0x000000074c200000| Untracked 
| 173|0x000000074c300000, 0x000000074c300000, 0x000000074c400000|  0%| F|  |TAMS 0x000000074c300000, 0x000000074c300000| Untracked 
| 174|0x000000074c400000, 0x000000074c400000, 0x000000074c500000|  0%| F|  |TAMS 0x000000074c400000, 0x000000074c400000| Untracked 
| 175|0x000000074c500000, 0x000000074c500000, 0x000000074c600000|  0%| F|  |TAMS 0x000000074c500000, 0x000000074c500000| Untracked 
| 176|0x000000074c600000, 0x000000074c600000, 0x000000074c700000|  0%| F|  |TAMS 0x000000074c600000, 0x000000074c600000| Untracked 
| 177|0x000000074c700000, 0x000000074c700000, 0x000000074c800000|  0%| F|  |TAMS 0x000000074c700000, 0x000000074c700000| Untracked 
| 178|0x000000074c800000, 0x000000074c800000, 0x000000074c900000|  0%| F|  |TAMS 0x000000074c800000, 0x000000074c800000| Untracked 
| 179|0x000000074c900000, 0x000000074c900000, 0x000000074ca00000|  0%| F|  |TAMS 0x000000074c900000, 0x000000074c900000| Untracked 
| 180|0x000000074ca00000, 0x000000074ca00000, 0x000000074cb00000|  0%| F|  |TAMS 0x000000074ca00000, 0x000000074ca00000| Untracked 
| 181|0x000000074cb00000, 0x000000074cb00000, 0x000000074cc00000|  0%| F|  |TAMS 0x000000074cb00000, 0x000000074cb00000| Untracked 
| 182|0x000000074cc00000, 0x000000074cc00000, 0x000000074cd00000|  0%| F|  |TAMS 0x000000074cc00000, 0x000000074cc00000| Untracked 
| 183|0x000000074cd00000, 0x000000074cd81678, 0x000000074ce00000| 50%| S|CS|TAMS 0x000000074cd00000, 0x000000074cd00000| Complete 
| 184|0x000000074ce00000, 0x000000074cf00000, 0x000000074cf00000|100%| S|CS|TAMS 0x000000074ce00000, 0x000000074ce00000| Complete 
| 185|0x000000074cf00000, 0x000000074cf00000, 0x000000074d000000|  0%| F|  |TAMS 0x000000074cf00000, 0x000000074cf00000| Untracked 
| 186|0x000000074d000000, 0x000000074d080800, 0x000000074d100000| 50%| E|  |TAMS 0x000000074d000000, 0x000000074d000000| Complete 
| 187|0x000000074d100000, 0x000000074d200000, 0x000000074d200000|100%| E|CS|TAMS 0x000000074d100000, 0x000000074d100000| Complete 
| 188|0x000000074d200000, 0x000000074d300000, 0x000000074d300000|100%| E|CS|TAMS 0x000000074d200000, 0x000000074d200000| Complete 
| 189|0x000000074d300000, 0x000000074d400000, 0x000000074d400000|100%| E|CS|TAMS 0x000000074d300000, 0x000000074d300000| Complete 
| 190|0x000000074d400000, 0x000000074d500000, 0x000000074d500000|100%| E|CS|TAMS 0x000000074d400000, 0x000000074d400000| Complete 
| 191|0x000000074d500000, 0x000000074d600000, 0x000000074d600000|100%| E|CS|TAMS 0x000000074d500000, 0x000000074d500000| Complete 

Card table byte_map: [0x000002667d1d0000,0x000002667d7d0000] _byte_map_base: 0x00000266797c5000

Marking Bits (Prev, Next): (CMBitMap*) 0x000002667481e578, (CMBitMap*) 0x000002667481e5b0
 Prev Bits: [0x000002660f000000, 0x0000026611fa8000)
 Next Bits: [0x0000026611fb0000, 0x0000026614f58000)

Polling page: 0x0000026672600000

Metaspace:

Usage:
  Non-class:     11.58 MB capacity,    11.34 MB ( 98%) used,   223.04 KB (  2%) free+waste,    30.50 KB ( <1%) overhead. 
      Class:      1.47 MB capacity,     1.32 MB ( 90%) used,   134.95 KB (  9%) free+waste,    15.06 KB (  1%) overhead. 
       Both:     13.05 MB capacity,    12.65 MB ( 97%) used,   357.98 KB (  3%) free+waste,    45.56 KB ( <1%) overhead. 

Virtual space:
  Non-class space:       12.00 MB reserved,      11.75 MB ( 98%) committed 
      Class space:        1.00 GB reserved,       1.50 MB ( <1%) committed 
             Both:        1.01 GB reserved,      13.25 MB (  1%) committed 

Chunk freelists:
   Non-Class:  5.38 KB
       Class:  384 bytes
        Both:  5.75 KB

CodeHeap 'non-profiled nmethods': size=238912Kb used=1396Kb max_used=1396Kb free=237515Kb
 bounds [0x00000266006b0000, 0x0000026600920000, 0x000002660f000000]
CodeHeap 'non-nmethods': size=6848Kb used=1106Kb max_used=1106Kb free=5741Kb
 bounds [0x0000026600000000, 0x0000026600270000, 0x00000266006b0000]
 total_blobs=1447 nmethods=1026 adapters=332
 compilation: enabled
              stopped_count=0, restarted_count=0
 full_count=0

Compilation events (10 events):
Event: 1.727 Thread 0x0000026615afd800 1021  s!   1       jdk.internal.loader.URLClassPath::getLoader (194 bytes)
Event: 1.729 Thread 0x0000026615afd800 nmethod 1021 0x0000026600808090 code [0x0000026600808340, 0x00000266008091b0]
Event: 1.736 Thread 0x0000026615afd800 1022   !   1       java.util.concurrent.ConcurrentHashMap::computeIfAbsent (576 bytes)
Event: 1.738 Thread 0x0000026615afd800 nmethod 1022 0x0000026600809f10 code [0x000002660080a220, 0x000002660080b950]
Event: 1.738 Thread 0x0000026615afd800 1024       1       java.lang.StringCoding$Result::with (12 bytes)
Event: 1.738 Thread 0x0000026615afd800 nmethod 1024 0x000002660080c590 code [0x000002660080c720, 0x000002660080c898]
Event: 1.739 Thread 0x0000026615afd800 1025       1       java.lang.StringCoding::decodeUTF8 (45 bytes)
Event: 1.739 Thread 0x0000026615afd800 nmethod 1025 0x000002660080c910 code [0x000002660080cae0, 0x000002660080cd90]
Event: 1.742 Thread 0x0000026615afd800 1026       1       java.nio.charset.Charset::isSupported (13 bytes)
Event: 1.742 Thread 0x0000026615afd800 nmethod 1026 0x000002660080cf10 code [0x000002660080d0c0, 0x000002660080d1f0]

GC Heap History (4 events):
Event: 0.729 GC heap before
{Heap before GC invocations=0 (full 0):
 garbage-first heap   total 196608K, used 15360K [0x0000000741600000, 0x0000000800000000)
  region size 1024K, 14 young (14336K), 0 survivors (0K)
 Metaspace       used 6084K, capacity 6166K, committed 6272K, reserved 1056768K
  class space    used 539K, capacity 567K, committed 640K, reserved 1048576K
}
Event: 0.735 GC heap after
{Heap after GC invocations=1 (full 0):
 garbage-first heap   total 196608K, used 9483K [0x0000000741600000, 0x0000000800000000)
  region size 1024K, 2 young (2048K), 2 survivors (2048K)
 Metaspace       used 6084K, capacity 6166K, committed 6272K, reserved 1056768K
  class space    used 539K, capacity 567K, committed 640K, reserved 1048576K
}
Event: 1.711 GC heap before
{Heap before GC invocations=1 (full 0):
 garbage-first heap   total 196608K, used 15627K [0x0000000741600000, 0x0000000800000000)
  region size 1024K, 9 young (9216K), 2 survivors (2048K)
 Metaspace       used 11491K, capacity 11777K, committed 11904K, reserved 1060864K
  class space    used 1207K, capacity 1314K, committed 1408K, reserved 1048576K
}
Event: 1.716 GC heap after
{Heap after GC invocations=2 (full 0):
 garbage-first heap   total 196608K, used 9940K [0x0000000741600000, 0x0000000800000000)
  region size 1024K, 2 young (2048K), 2 survivors (2048K)
 Metaspace       used 11491K, capacity 11777K, committed 11904K, reserved 1060864K
  class space    used 1207K, capacity 1314K, committed 1408K, reserved 1048576K
}

Deoptimization events (0 events):
No events

Classes redefined (0 events):
No events

Internal exceptions (10 events):
Event: 0.981 Thread 0x00000266747d0800 Exception <a 'java/lang/NoSuchMethodError'{0x000000074d03b4e0}: java.lang.invoke.DirectMethodHandle$Holder.invokeSpecialIFC(Ljava/lang/Object;Ljava/lang/Object;Ljava/lang/Object;)I> (0x000000074d03b4e0) thrown at [./open/src/hotspot/share/interpreter/link
Event: 1.006 Thread 0x00000266747d0800 Exception <a 'java/lang/NoSuchMethodError'{0x000000074d09d1a8}: java.lang.invoke.DirectMethodHandle$Holder.invokeStatic(Ljava/lang/Object;IIII)Ljava/lang/Object;> (0x000000074d09d1a8) thrown at [./open/src/hotspot/share/interpreter/linkResolver.cpp, line 
Event: 1.006 Thread 0x00000266747d0800 Exception <a 'java/lang/NoSuchMethodError'{0x000000074d0a02c0}: java.lang.invoke.DirectMethodHandle$Holder.invokeStaticInit(Ljava/lang/Object;IIII)Ljava/lang/Object;> (0x000000074d0a02c0) thrown at [./open/src/hotspot/share/interpreter/linkResolver.cpp, l
Event: 1.656 Thread 0x00000266747d0800 Exception <a 'java/lang/NoSuchMethodError'{0x000000074cf39340}: java.lang.invoke.DirectMethodHandle$Holder.invokeStatic(Ljava/lang/Object;Ljava/lang/Object;IIII)Ljava/lang/Object;> (0x000000074cf39340) thrown at [./open/src/hotspot/share/interpreter/linkR
Event: 1.656 Thread 0x00000266747d0800 Exception <a 'java/lang/NoSuchMethodError'{0x000000074cf3c688}: java.lang.invoke.DirectMethodHandle$Holder.invokeStaticInit(Ljava/lang/Object;Ljava/lang/Object;IIII)Ljava/lang/Object;> (0x000000074cf3c688) thrown at [./open/src/hotspot/share/interpreter/l
Event: 1.670 Thread 0x00000266747d0800 Exception <a 'java/lang/ClassNotFoundException'{0x000000074cf59be8}: javax/management/remote/rmi/RMIServerImpl_Skel> (0x000000074cf59be8) thrown at [./open/src/hotspot/share/classfile/systemDictionary.cpp, line 228]
Event: 1.704 Thread 0x00000266747d0800 Exception <a 'java/lang/ClassNotFoundException'{0x000000074cfd0da0}: jdk/internal/agent/resources/spi/agentProvider> (0x000000074cfd0da0) thrown at [./open/src/hotspot/share/classfile/systemDictionary.cpp, line 228]
Event: 1.721 Thread 0x00000266747d0800 Exception <a 'java/lang/NoSuchMethodError'{0x000000074d52a168}: java.lang.invoke.DirectMethodHandle$Holder.invokeStatic(Ljava/lang/Object;Ljava/lang/Object;Ljava/lang/Object;Ljava/lang/Object;Ljava/lang/Object;Ljava/lang/Object;Ljava/lang/Object;Ljava/lan
Event: 1.722 Thread 0x00000266747d0800 Exception <a 'java/lang/NoSuchMethodError'{0x000000074d536b28}: java.lang.invoke.DirectMethodHandle$Holder.invokeStatic(Ljava/lang/Object;Ljava/lang/Object;Ljava/lang/Object;Ljava/lang/Object;Ljava/lang/Object;Ljava/lang/Object;Ljava/lang/Object;Ljava/lan
Event: 1.724 Thread 0x00000266747d0800 Exception <a 'java/lang/NoSuchMethodError'{0x000000074d5507b0}: java.lang.invoke.DelegatingMethodHandle$Holder.reinvoke_L(Ljava/lang/Object;ILjava/lang/Object;)Ljava/lang/Object;> (0x000000074d5507b0) thrown at [./open/src/hotspot/share/interpreter/linkRe

Events (10 events):
Event: 1.786 loading class sun/security/provider/PolicyFile$3
Event: 1.786 loading class sun/security/provider/PolicyFile$3 done
Event: 1.786 loading class sun/security/util/PolicyUtil
Event: 1.787 loading class sun/security/util/PolicyUtil done
Event: 1.787 loading class sun/security/provider/PolicyParser
Event: 1.787 loading class sun/security/provider/PolicyParser done
Event: 1.787 loading class java/io/StreamTokenizer
Event: 1.788 loading class java/io/StreamTokenizer done
Event: 1.789 loading class sun/security/provider/PolicyParser$GrantEntry
Event: 1.789 loading class sun/security/provider/PolicyParser$GrantEntry done


Dynamic libraries:
0x00007ff736fe0000 - 0x00007ff737027000 	G:\software\jdk\jdk-11.0.7\bin\javaw.exe
0x00007ff91deb0000 - 0x00007ff91e0a5000 	C:\WINDOWS\SYSTEM32\ntdll.dll
0x00007ff91bef0000 - 0x00007ff91bfad000 	C:\WINDOWS\System32\KERNEL32.DLL
0x00007ff91b790000 - 0x00007ff91ba59000 	C:\WINDOWS\System32\KERNELBASE.dll
0x00007ff91d300000 - 0x00007ff91d3ac000 	C:\WINDOWS\System32\ADVAPI32.dll
0x00007ff91dc50000 - 0x00007ff91dcee000 	C:\WINDOWS\System32\msvcrt.dll
0x00007ff91d8c0000 - 0x00007ff91d95b000 	C:\WINDOWS\System32\sechost.dll
0x00007ff91d480000 - 0x00007ff91d5aa000 	C:\WINDOWS\System32\RPCRT4.dll
0x00007ff91d5b0000 - 0x00007ff91d750000 	C:\WINDOWS\System32\USER32.dll
0x00007ff91b760000 - 0x00007ff91b782000 	C:\WINDOWS\System32\win32u.dll
0x00007ff91de10000 - 0x00007ff91de3a000 	C:\WINDOWS\System32\GDI32.dll
0x00007ff91bc70000 - 0x00007ff91bd7b000 	C:\WINDOWS\System32\gdi32full.dll
0x00007ff91b5c0000 - 0x00007ff91b65d000 	C:\WINDOWS\System32\msvcp_win.dll
0x00007ff91b660000 - 0x00007ff91b760000 	C:\WINDOWS\System32\ucrtbase.dll
0x00007ff90c6a0000 - 0x00007ff90c93a000 	C:\WINDOWS\WinSxS\amd64_microsoft.windows.common-controls_6595b64144ccf1df_6.0.19041.1083_none_60bbe31371f34e71\COMCTL32.dll
0x00007ff911aa0000 - 0x00007ff911aaa000 	C:\WINDOWS\SYSTEM32\VERSION.dll
0x00007ff91d760000 - 0x00007ff91d790000 	C:\WINDOWS\System32\IMM32.DLL
0x00007ff8f9f90000 - 0x00007ff8f9fa6000 	G:\software\jdk\jdk-11.0.7\bin\vcruntime140.dll
0x00007ff8e5900000 - 0x00007ff8e59aa000 	G:\software\jdk\jdk-11.0.7\bin\msvcp140.dll
0x00007ff8c2f80000 - 0x00007ff8c3ae1000 	G:\software\jdk\jdk-11.0.7\bin\server\jvm.dll
0x00007ff91dc40000 - 0x00007ff91dc48000 	C:\WINDOWS\System32\PSAPI.DLL
0x00007ff90a6e0000 - 0x00007ff90a707000 	C:\WINDOWS\SYSTEM32\WINMM.dll
0x00007ff906830000 - 0x00007ff906839000 	C:\WINDOWS\SYSTEM32\WSOCK32.dll
0x00007ff91d3b0000 - 0x00007ff91d41b000 	C:\WINDOWS\System32\WS2_32.dll
0x00007ff9194f0000 - 0x00007ff919502000 	C:\WINDOWS\SYSTEM32\kernel.appcore.dll
0x00007ff8f9f30000 - 0x00007ff8f9f41000 	G:\software\jdk\jdk-11.0.7\bin\verify.dll
0x00007ff907940000 - 0x00007ff907b24000 	C:\WINDOWS\SYSTEM32\DBGHELP.DLL
0x00007ff907910000 - 0x00007ff90793c000 	C:\WINDOWS\SYSTEM32\dbgcore.DLL
0x00007ff91be60000 - 0x00007ff91bee3000 	C:\WINDOWS\System32\bcryptPrimitives.dll
0x00007ff8ee9a0000 - 0x00007ff8ee9c9000 	G:\software\jdk\jdk-11.0.7\bin\java.dll
0x00007ff90a560000 - 0x00007ff90a56a000 	G:\software\jdk\jdk-11.0.7\bin\jimage.dll
0x00007ff8f9f10000 - 0x00007ff8f9f26000 	G:\software\jdk\jdk-11.0.7\bin\zip.dll
0x00007ff91c7e0000 - 0x00007ff91cf1f000 	C:\WINDOWS\System32\SHELL32.dll
0x00007ff9196f0000 - 0x00007ff919e81000 	C:\WINDOWS\SYSTEM32\windows.storage.dll
0x00007ff91cf20000 - 0x00007ff91d275000 	C:\WINDOWS\System32\combase.dll
0x00007ff91af60000 - 0x00007ff91af8c000 	C:\WINDOWS\SYSTEM32\Wldp.dll
0x00007ff91d790000 - 0x00007ff91d83e000 	C:\WINDOWS\System32\SHCORE.dll
0x00007ff91d420000 - 0x00007ff91d475000 	C:\WINDOWS\System32\shlwapi.dll
0x00007ff91b500000 - 0x00007ff91b51f000 	C:\WINDOWS\SYSTEM32\profapi.dll
0x00007ff8ee8c0000 - 0x00007ff8ee8d9000 	G:\software\jdk\jdk-11.0.7\bin\net.dll
0x00007ff914b50000 - 0x00007ff914c5a000 	C:\WINDOWS\SYSTEM32\WINHTTP.dll
0x00007ff91acc0000 - 0x00007ff91ad2a000 	C:\WINDOWS\system32\mswsock.dll
0x00007ff8ee8a0000 - 0x00007ff8ee8b3000 	G:\software\jdk\jdk-11.0.7\bin\nio.dll
0x00007ff90a5a0000 - 0x00007ff90a5a9000 	G:\software\jdk\jdk-11.0.7\bin\management.dll
0x00007ff90da30000 - 0x00007ff90da3c000 	G:\software\jdk\jdk-11.0.7\bin\management_ext.dll
0x00007ff906810000 - 0x00007ff906827000 	C:\WINDOWS\system32\napinsp.dll
0x00007ff9067f0000 - 0x00007ff90680b000 	C:\WINDOWS\system32\pnrpnsp.dll
0x00007ff9067d0000 - 0x00007ff9067e5000 	C:\WINDOWS\system32\wshbth.dll
0x00007ff916c60000 - 0x00007ff916c7d000 	C:\WINDOWS\system32\NLAapi.dll
0x00007ff91a9b0000 - 0x00007ff91a9eb000 	C:\WINDOWS\SYSTEM32\IPHLPAPI.DLL
0x00007ff91a9f0000 - 0x00007ff91aabc000 	C:\WINDOWS\SYSTEM32\DNSAPI.dll
0x00007ff91c6c0000 - 0x00007ff91c6c8000 	C:\WINDOWS\System32\NSI.dll
0x00007ff9067b0000 - 0x00007ff9067c2000 	C:\WINDOWS\System32\winrnr.dll
0x00007ff914120000 - 0x00007ff91412a000 	C:\Windows\System32\rasadhlp.dll
0x00007ff913970000 - 0x00007ff9139ef000 	C:\WINDOWS\System32\fwpuclnt.dll
0x00007ff91bdd0000 - 0x00007ff91bdf7000 	C:\WINDOWS\System32\bcrypt.dll
0x00007ff91aea0000 - 0x00007ff91aeb8000 	C:\WINDOWS\SYSTEM32\CRYPTSP.dll
0x00007ff91a660000 - 0x00007ff91a694000 	C:\WINDOWS\system32\rsaenh.dll
0x00007ff91b480000 - 0x00007ff91b4ae000 	C:\WINDOWS\SYSTEM32\USERENV.dll
0x00007ff91aec0000 - 0x00007ff91aecc000 	C:\WINDOWS\SYSTEM32\CRYPTBASE.dll
0x00007ff916570000 - 0x00007ff916587000 	C:\WINDOWS\SYSTEM32\dhcpcsvc6.DLL
0x00007ff916550000 - 0x00007ff91656d000 	C:\WINDOWS\SYSTEM32\dhcpcsvc.DLL

dbghelp: loaded successfully - version: 4.0.5 - missing functions: none
symbol engine: initialized successfully - sym options: 0x614 - pdb path: .;G:\software\jdk\jdk-11.0.7\bin;C:\WINDOWS\SYSTEM32;C:\WINDOWS\WinSxS\amd64_microsoft.windows.common-controls_6595b64144ccf1df_6.0.19041.1083_none_60bbe31371f34e71;G:\software\jdk\jdk-11.0.7\bin\server

VM Arguments:
jvm_args: -Dcom.sun.management.jmxremote -Dcom.sun.management.jmxremote.port=63544 -Dcom.sun.management.jmxremote.authenticate=false -Dcom.sun.management.jmxremote.ssl=false -Djava.rmi.server.hostname=localhost -Dspring.jmx.enabled=true -Dspring.application.admin.enabled=true -Dsun.java2d.d3d=false -Xverify:none -XX:TieredStopAtLevel=1 -Dspring.boot.project.name=order-service -Dfile.encoding=Cp1252 
java_command: org.as.devtechsolution.order.OrderServiceApplication --spring.output.ansi.enabled=always
java_class_path (initial): E:\aditya\devzone\spring-ms\spring-boot-microservices\spring-boot-microservices\order-service\bin\main;C:\Users\Aditya\.gradle\caches\modules-2\files-2.1\org.projectlombok\lombok\1.18.20\18bcea7d5df4d49227b4a0743a536208ce4825bb\lombok-1.18.20.jar;C:\Users\Aditya\.gradle\caches\modules-2\files-2.1\org.springframework.boot\spring-boot-starter-data-jpa\2.5.2\5038e48790990bc137c9a7e1cd97901a1350eb37\spring-boot-starter-data-jpa-2.5.2.jar;C:\Users\Aditya\.gradle\caches\modules-2\files-2.1\org.springframework.boot\spring-boot-starter-web\2.5.2\9d68318f6607728e253030aa145e529bae9b0883\spring-boot-starter-web-2.5.2.jar;C:\Users\Aditya\.gradle\caches\modules-2\files-2.1\org.springframework.cloud\spring-cloud-starter-netflix-eureka-client\3.0.3\4a0a2920c7a9853ed45486b1e90625f679a23bca\spring-cloud-starter-netflix-eureka-client-3.0.3.jar;C:\Users\Aditya\.gradle\caches\modules-2\files-2.1\org.springframework.cloud\spring-cloud-starter-bootstrap\3.0.3\75ce3312247ec53f281a3526c817d91818186e5\spring-cloud-starter-bootstrap-3.0.3.jar;C:\Users\Aditya\.gradle\caches\modules-2\files-2.1\org.springframework.cloud\spring-cloud-starter-config\3.0.4\528c404b5396492b5d9d65007d710bec07cc4beb\spring-cloud-starter-config-3.0.4.jar;C:\Users\Aditya\.gradle\caches\modules-2\files-2.1\org.springframework.boot\spring-boot-starter-actuator\2.5.2\854b5574793363ac1c11a5d364b93c9489146e08\spring-boot-starter-actuator-2.5.2.jar;C:\Users\Aditya\.gradle\caches\modules-2\files-2.1\org.springframework.cloud\spring-cloud-starter-vault-config\3.0.3\b4b09c1aebabb15d7d3a673fea129a7b1a9aa944\spring-cloud-starter-vault-config-3.0.3.jar;C:\Users\Aditya\.gradle\caches\modules-2\files-2.1\org.springframework.cloud\spring-cloud-starter-bus-amqp\3.0.3\fa2aec8a91a0d00d688c7da6a1a364781f6df184\spring-cloud-starter-bus-amqp-3.0.3.jar;C:\Users\Aditya\.gradle\caches\modules-2\files-2.1\org.springframework.cloud\spring-cloud-starter-openfeign\3.0.3\9843ad8b689fa016e853e98e36cba8f9510e18f2\sprin
Launcher Type: SUN_STANDARD

[Global flags]
     bool BytecodeVerificationLocal                = false                                     {product} {command line}
     bool BytecodeVerificationRemote               = false                                     {product} {command line}
     intx CICompilerCount                          = 3                                         {product} {ergonomic}
     uint ConcGCThreads                            = 1                                         {product} {ergonomic}
     uint G1ConcRefinementThreads                  = 4                                         {product} {ergonomic}
   size_t G1HeapRegionSize                         = 1048576                                   {product} {ergonomic}
    uintx GCDrainStackTargetSize                   = 64                                        {product} {ergonomic}
   size_t InitialHeapSize                          = 201326592                                 {product} {ergonomic}
     bool ManagementServer                         = true                                      {product} {command line}
   size_t MarkStackSize                            = 4194304                                   {product} {ergonomic}
   size_t MaxHeapSize                              = 3198156800                                {product} {ergonomic}
   size_t MaxNewSize                               = 1918894080                                {product} {ergonomic}
   size_t MinHeapDeltaBytes                        = 1048576                                   {product} {ergonomic}
    uintx NonNMethodCodeHeapSize                   = 6973028                                {pd product} {ergonomic}
    uintx NonProfiledCodeHeapSize                  = 244685212                              {pd product} {ergonomic}
    uintx ProfiledCodeHeapSize                     = 0                                      {pd product} {ergonomic}
    uintx ReservedCodeCacheSize                    = 251658240                              {pd product} {ergonomic}
     bool SegmentedCodeCache                       = true                                      {product} {ergonomic}
     intx TieredStopAtLevel                        = 1                                         {product} {command line}
     bool UseCompressedClassPointers               = true                                 {lp64_product} {ergonomic}
     bool UseCompressedOops                        = true                                 {lp64_product} {ergonomic}
     bool UseG1GC                                  = true                                      {product} {ergonomic}
     bool UseLargePagesIndividualAllocation        = false                                  {pd product} {ergonomic}

Logging:
Log output configuration:
 #0: stdout all=warning uptime,level,tags
 #1: stderr all=off uptime,level,tags

Environment Variables:
JAVA_HOME=G:\software\jdk\jdk-11.0.7
PATH=C:/Program Files/Java/jre1.8.0_271/bin/server;C:/Program Files/Java/jre1.8.0_271/bin;C:/Program Files/Java/jre1.8.0_271/lib/amd64;C:\Program Files (x86)\Common Files\Oracle\Java\javapath;C:\Program Files (x86)\Intel\iCLS Client\;C:\Program Files\Intel\iCLS Client\;C:\WINDOWS\system32;C:\WINDOWS;C:\WINDOWS\System32\Wbem;C:\WINDOWS\System32\WindowsPowerShell\v1.0\;C:\Program Files (x86)\Intel\Intel(R) Management Engine Components\DAL;C:\Program Files\Intel\Intel(R) Management Engine Components\DAL;C:\Program Files (x86)\Intel\Intel(R) Management Engine Components\IPT;C:\Program Files\Intel\Intel(R) Management Engine Components\IPT;C:\Program Files (x86)\MySQL\MySQL Fabric 1.5 & MySQL Utilities 1.5\;C:\axis2\axis2\bin;C:\Program Files\Perforce;%LOCALAPPDATA%\Atom;C:\WINDOWS\System32\OpenSSH\;C:\Program Files (x86)\Brackets\command;C:\Program Files\Intel\WiFi\bin\;C:\Program Files\Common Files\Intel\WirelessCommon\;C:\Program Files\dotnet\;C:\Program Files\Microsoft SQL Server\130\Tools\Binn\;C:\Program Files\Microsoft SQL Server\Client SDK\ODBC\170\Tools\Binn\;G:\software\ide\scala\sbt\sbt\bin;C:\Program Files (x86)\scala\bin;C:\Program Files\nodejs\;C:\Program Files\PuTTY\;C:\Program Files\Git\cmd;G:\software;G:\software\ide\sts-4.6.1.RELEASE;
USERNAME=Aditya
OS=Windows_NT
PROCESSOR_IDENTIFIER=Intel64 Family 6 Model 61 Stepping 4, GenuineIntel



---------------  S Y S T E M  ---------------

OS: Windows 10 , 64 bit Build 19041 (10.0.19041.1023)

CPU:total 4 (initial active 4) (2 cores per cpu, 2 threads per core) family 6 model 61 stepping 4, cmov, cx8, fxsr, mmx, sse, sse2, sse3, ssse3, sse4.1, sse4.2, popcnt, avx, avx2, aes, clmul, erms, 3dnowpref, lzcnt, ht, tsc, tscinvbit, bmi1, bmi2, adx, fma

Memory: 4k page, system-wide physical 12198M (3035M free)
TotalPageFile size 24280M (AvailPageFile size 9839M)
current process WorkingSet (physical memory assigned to process): 75M, peak: 75M
current process commit charge ("private bytes"): 279M, peak: 279M

vm_info: Java HotSpot(TM) 64-Bit Server VM (11.0.7+8-LTS) for windows-amd64 JRE (11.0.7+8-LTS), built on Mar 12 2020 02:04:32 by "mach5one" with MS VC++ 15.5 (VS2017)

END.
