#
# A fatal error has been detected by the Java Runtime Environment:
#
#  EXCEPTION_ACCESS_VIOLATION (0xc0000005) at pc=0x00007ff8c35d1486, pid=11576, tid=7300
#
# JRE version: Java(TM) SE Runtime Environment 18.9 (11.0.7+8) (build 11.0.7+8-LTS)
# Java VM: Java HotSpot(TM) 64-Bit Server VM 18.9 (11.0.7+8-LTS, mixed mode, tiered, compressed oops, g1 gc, windows-amd64)
# Problematic frame:
# V  [jvm.dll+0x651486]
#
# No core dump will be written. Minidumps are not enabled by default on client versions of Windows
#
# If you would like to submit a bug report, please visit:
#   https://bugreport.java.com/bugreport/crash.jsp
#

---------------  S U M M A R Y ------------

Command Line: -Dcom.sun.management.jmxremote -Dcom.sun.management.jmxremote.port=57716 -Dcom.sun.management.jmxremote.authenticate=false -Dcom.sun.management.jmxremote.ssl=false -Djava.rmi.server.hostname=localhost -Dspring.jmx.enabled=true -Dspring.application.admin.enabled=true -Dsun.java2d.d3d=false -Xverify:none -XX:TieredStopAtLevel=1 -Dspring.boot.project.name=order-service -Dfile.encoding=Cp1252 org.as.devtechsolution.order.OrderServiceApplication --spring.output.ansi.enabled=always

Host: Intel(R) Core(TM) i3-5005U CPU @ 2.00GHz, 4 cores, 11G,  Windows 10 , 64 bit Build 19041 (10.0.19041.1023)
Time: Tue Jul 13 22:43:06 2021 India Standard Time elapsed time: 5 seconds (0d 0h 0m 5s)

---------------  T H R E A D  ---------------

Current thread (0x000001b8476f7800):  GCTaskThread "GC Thread#2" [stack: 0x0000002358a00000,0x0000002358b00000] [id=7300]

Stack: [0x0000002358a00000,0x0000002358b00000],  sp=0x0000002358afe070,  free space=1016k
Native frames: (J=compiled Java code, j=interpreted, Vv=VM code, C=native code)
V  [jvm.dll+0x651486]
V  [jvm.dll+0x615ed9]
V  [jvm.dll+0x2e4865]
V  [jvm.dll+0x2e42e9]
V  [jvm.dll+0x763a87]
V  [jvm.dll+0x763ef0]
V  [jvm.dll+0x32ba45]
V  [jvm.dll+0x32b524]
V  [jvm.dll+0x2f78f0]
V  [jvm.dll+0x7d4c20]
V  [jvm.dll+0x75e875]
V  [jvm.dll+0x660b26]
C  [ucrtbase.dll+0x21bb2]
C  [KERNEL32.DLL+0x17034]
C  [ntdll.dll+0x52651]

JavaThread 0x000001b8480c0800 (nid = 14944) was being processed
Java frames: (J=compiled Java code, j=interpreted, Vv=VM code)
j  java.net.PlainSocketImpl.accept0(I[Ljava/net/InetSocketAddress;)I+0 java.base@11.0.7
j  java.net.PlainSocketImpl.socketAccept(Ljava/net/SocketImpl;)V+37 java.base@11.0.7
j  java.net.AbstractPlainSocketImpl.accept(Ljava/net/SocketImpl;)V+7 java.base@11.0.7
j  java.net.ServerSocket.implAccept(Ljava/net/Socket;)V+60 java.base@11.0.7
j  java.net.ServerSocket.accept()Ljava/net/Socket;+48 java.base@11.0.7
j  sun.rmi.transport.tcp.TCPTransport$AcceptLoop.executeAcceptLoop()V+42 java.rmi@11.0.7
j  sun.rmi.transport.tcp.TCPTransport$AcceptLoop.run()V+1 java.rmi@11.0.7
j  java.lang.Thread.run()V+11 java.base@11.0.7
v  ~StubRoutines::call_stub

siginfo: EXCEPTION_ACCESS_VIOLATION (0xc0000005), reading address 0x0000000c000000e3


Register to memory mapping:

RIP=0x00007ff8c35d1486 jvm.dll
RAX=0x0000000c0000000b is an unknown value
RBX=0x000000000000011b is an unknown value
RCX=0x000000000000001b is an unknown value
RDX=0x0000002358afe100 points into unknown readable memory: d8 60 14 49 b8 01 00 00
RSP=0x0000002358afe070 points into unknown readable memory: 10 f0 cf 58 00 00 00 00
RBP=0x0000000000000007 is an unknown value
RSI={method} {0x000001b8491460e0} 'accept' '(Ljava/net/SocketImpl;)V' in 'java/net/AbstractPlainSocketImpl'
RDI=0x000000000000011b is an unknown value
R8 =0x0000000000000007 is an unknown value
R9 =0x0000002358afe218 points into unknown readable memory: 00 00 00 00 00 00 00 00
R10=0x000001b849146050 is pointing into metadata
R11=0x0000000749527ba8 is an oop: java.lang.Class 
{0x0000000749527ba8} - klass: 'java/lang/Class'
R12=0x0000002358afe218 points into unknown readable memory: 00 00 00 00 00 00 00 00
R13=64 is a compressed pointer to class: 0x0000000800000040
R14=0x000001b848089330 points into unknown readable memory: 0b 00 00 00 0c 00 00 00
R15=0x0000002358afe100 points into unknown readable memory: d8 60 14 49 b8 01 00 00


Registers:
RAX=0x0000000c0000000b, RBX=0x000000000000011b, RCX=0x000000000000001b, RDX=0x0000002358afe100
RSP=0x0000002358afe070, RBP=0x0000000000000007, RSI=0x000001b8491460d8, RDI=0x000000000000011b
R8 =0x0000000000000007, R9 =0x0000002358afe218, R10=0x000001b849146050, R11=0x0000000749527ba8
R12=0x0000002358afe218, R13=0x0000000000000040, R14=0x000001b848089330, R15=0x0000002358afe100
RIP=0x00007ff8c35d1486, EFLAGS=0x0000000000010206

Top of Stack: (sp=0x0000002358afe070)
0x0000002358afe070:   0000000058cff010 00007ff8c32aaa0e
0x0000002358afe080:   0000002358cff060 00007ff8c32ab30d
0x0000002358afe090:   0000002358afe3e0 000001b8485694e0
0x0000002358afe0a0:   000001b8485694e0 000001b848569468
0x0000002358afe0b0:   0000000000000007 0000000000000007
0x0000002358afe0c0:   000001b8491460d8 0000002358afe220
0x0000002358afe0d0:   0000002358afe218 00007ff8c3595ed9
0x0000002358afe0e0:   0000002358afe218 0000002358afe220
0x0000002358afe0f0:   000001b8491460d8 0000002358afe218
0x0000002358afe100:   000001b8491460d8 000001b8476f7800
0x0000002358afe110:   000001b8485694e0 00007ff8c3264865
0x0000002358afe120:   0000002358afe3e0 0000002358afe3b0
0x0000002358afe130:   0000002358afe3b0 000001b8485694e0
0x0000002358afe140:   0000000000000001 000001b8491460d8
0x0000002358afe150:   000001b8476f7800 000001b800000003
0x0000002358afe160:   000001b8476f7800 00007ff8c3267242 

Instructions: (pc=0x00007ff8c35d1486)
0x00007ff8c35d1466:   24 70 48 89 77 10 8b fb 66 90 8b c7 25 1f 00 00
0x00007ff8c35d1476:   80 7d 07 ff c8 83 c8 e0 ff c0 48 63 c8 49 8b 06
0x00007ff8c35d1486:   48 8b 14 c8 48 85 d2 74 15 48 8b 02 48 85 c0 74
0x00007ff8c35d1496:   0d 49 3b 07 75 08 0f b7 42 08 3b c5 74 79 ff c7 


Stack slot to memory mapping:
stack at sp + 0 slots: 0x0000000058cff010 is an unknown value
stack at sp + 1 slots: 0x00007ff8c32aaa0e jvm.dll
stack at sp + 2 slots: 0x0000002358cff060 is pointing into the stack for thread: 0x000001b8480c0800
stack at sp + 3 slots: 0x00007ff8c32ab30d jvm.dll
stack at sp + 4 slots: 0x0000002358afe3e0 points into unknown readable memory: 40 e4 af 58 23 00 00 00
stack at sp + 5 slots: 0x000001b8485694e0 points into unknown readable memory: e0 0f 83 c3 f8 7f 00 00
stack at sp + 6 slots: 0x000001b8485694e0 points into unknown readable memory: e0 0f 83 c3 f8 7f 00 00
stack at sp + 7 slots: 0x000001b848569468 points into unknown readable memory: 78 10 83 c3 f8 7f 00 00


---------------  P R O C E S S  ---------------

Threads class SMR info:
_java_thread_list=0x000001b848760740, length=14, elements={
0x000001b826071800, 0x000001b846af9000, 0x000001b847328800, 0x000001b847338800,
0x000001b84733c800, 0x000001b84733d000, 0x000001b846afd000, 0x000001b846aad800,
0x000001b847611000, 0x000001b8480c0800, 0x000001b848092800, 0x000001b847e1d800,
0x000001b8486a2800, 0x000001b84878a000
}

Java Threads: ( => current thread )
  0x000001b826071800 JavaThread "main" [_thread_blocked, id=17512, stack(0x0000002357a00000,0x0000002357b00000)]
  0x000001b846af9000 JavaThread "Reference Handler" daemon [_thread_blocked, id=17812, stack(0x0000002358100000,0x0000002358200000)]
  0x000001b847328800 JavaThread "Finalizer" daemon [_thread_blocked, id=10004, stack(0x0000002358200000,0x0000002358300000)]
  0x000001b847338800 JavaThread "Signal Dispatcher" daemon [_thread_blocked, id=12952, stack(0x0000002358300000,0x0000002358400000)]
  0x000001b84733c800 JavaThread "Attach Listener" daemon [_thread_blocked, id=21604, stack(0x0000002358400000,0x0000002358500000)]
  0x000001b84733d000 JavaThread "C1 CompilerThread0" daemon [_thread_blocked, id=16824, stack(0x0000002358500000,0x0000002358600000)]
  0x000001b846afd000 JavaThread "Sweeper thread" daemon [_thread_blocked, id=10580, stack(0x0000002358600000,0x0000002358700000)]
  0x000001b846aad800 JavaThread "Common-Cleaner" daemon [_thread_blocked, id=12680, stack(0x0000002358700000,0x0000002358800000)]
  0x000001b847611000 JavaThread "Service Thread" daemon [_thread_blocked, id=20648, stack(0x0000002358800000,0x0000002358900000)]
  0x000001b8480c0800 JavaThread "RMI TCP Accept-0" daemon [_thread_in_native, id=14944, stack(0x0000002358c00000,0x0000002358d00000)]
  0x000001b848092800 JavaThread "RMI TCP Accept-57716" daemon [_thread_in_native, id=8360, stack(0x0000002358d00000,0x0000002358e00000)]
  0x000001b847e1d800 JavaThread "RMI TCP Accept-0" daemon [_thread_in_native, id=10124, stack(0x0000002358e00000,0x0000002358f00000)]
  0x000001b8486a2800 JavaThread "spring.cloud.inetutils" daemon [_thread_in_native, id=5324, stack(0x0000002359000000,0x0000002359100000)]
  0x000001b84878a000 JavaThread "background-preinit" [_thread_blocked, id=8904, stack(0x0000002359100000,0x0000002359200000)]

Other Threads:
  0x000001b846af3000 VMThread "VM Thread" [stack: 0x0000002358000000,0x0000002358100000] [id=18460]
  0x000001b848071000 WatcherThread [stack: 0x0000002358f00000,0x0000002359000000] [id=25584]
  0x000001b826087000 GCTaskThread "GC Thread#0" [stack: 0x0000002357b00000,0x0000002357c00000] [id=19684]
  0x000001b8476f7000 GCTaskThread "GC Thread#1" [stack: 0x0000002358900000,0x0000002358a00000] [id=10272]
=>0x000001b8476f7800 GCTaskThread "GC Thread#2" [stack: 0x0000002358a00000,0x0000002358b00000] [id=7300]
  0x000001b8476f8000 GCTaskThread "GC Thread#3" [stack: 0x0000002358b00000,0x0000002358c00000] [id=20464]
  0x000001b8260cc000 ConcurrentGCThread "G1 Main Marker" [stack: 0x0000002357c00000,0x0000002357d00000] [id=17580]
  0x000001b8260cd800 ConcurrentGCThread "G1 Conc#0" [stack: 0x0000002357d00000,0x0000002357e00000] [id=15368]
  0x000001b82613e000 ConcurrentGCThread "G1 Refine#0" [stack: 0x0000002357e00000,0x0000002357f00000] [id=24788]
  0x000001b846960800 ConcurrentGCThread "G1 Young RemSet Sampling" [stack: 0x0000002357f00000,0x0000002358000000] [id=10612]

Threads with active compile tasks:

VM state:at safepoint (normal execution)

VM Mutex/Monitor currently owned by a thread:  ([mutex/lock_event])
[0x000001b82606c350] Threads_lock - owner thread: 0x000001b846af3000
[0x000001b82606c590] Heap_lock - owner thread: 0x000001b84878a000

Heap address: 0x0000000741600000, size: 3050 MB, Compressed Oops mode: Zero based, Oop shift amount: 3
Narrow klass base: 0x0000000800000000, Narrow klass shift: 0
Compressed class space size: 1073741824 Address: 0x0000000800000000

Heap:
 garbage-first heap   total 196608K, used 73341K [0x0000000741600000, 0x0000000800000000)
  region size 1024K, 63 young (64512K), 1 survivors (1024K)
 Metaspace       used 20509K, capacity 21122K, committed 21296K, reserved 1069056K
  class space    used 2362K, capacity 2617K, committed 2688K, reserved 1048576K
Heap Regions: E=young(eden), S=young(survivor), O=old, HS=humongous(starts), HC=humongous(continues), CS=collection set, F=free, A=archive, TAMS=top-at-mark-start (previous, next)
|   0|0x0000000741600000, 0x0000000741700000, 0x0000000741700000|100%|HS|  |TAMS 0x0000000741600000, 0x0000000741700000| Complete 
|   1|0x0000000741700000, 0x0000000741700000, 0x0000000741800000|  0%| F|  |TAMS 0x0000000741700000, 0x0000000741700000| Untracked 
|   2|0x0000000741800000, 0x0000000741900000, 0x0000000741900000|100%| O|  |TAMS 0x0000000741800000, 0x0000000741900000| Untracked 
|   3|0x0000000741900000, 0x0000000741a00000, 0x0000000741a00000|100%| O|  |TAMS 0x0000000741900000, 0x0000000741a00000| Untracked 
|   4|0x0000000741a00000, 0x0000000741b00000, 0x0000000741b00000|100%| O|  |TAMS 0x0000000741a00000, 0x0000000741b00000| Untracked 
|   5|0x0000000741b00000, 0x0000000741c00000, 0x0000000741c00000|100%| O|  |TAMS 0x0000000741b00000, 0x0000000741c00000| Untracked 
|   6|0x0000000741c00000, 0x0000000741d00000, 0x0000000741d00000|100%| O|  |TAMS 0x0000000741c00000, 0x0000000741d00000| Untracked 
|   7|0x0000000741d00000, 0x0000000741e00000, 0x0000000741e00000|100%| O|  |TAMS 0x0000000741d00000, 0x0000000741e00000| Untracked 
|   8|0x0000000741e00000, 0x0000000741f00000, 0x0000000741f00000|100%| O|  |TAMS 0x0000000741e00000, 0x0000000741f00000| Untracked 
|   9|0x0000000741f00000, 0x0000000741f74200, 0x0000000742000000| 45%| O|  |TAMS 0x0000000741f00000, 0x0000000742000000| Untracked 
|  10|0x0000000742000000, 0x0000000742000000, 0x0000000742100000|  0%| F|  |TAMS 0x0000000742000000, 0x0000000742000000| Untracked 
|  11|0x0000000742100000, 0x0000000742100000, 0x0000000742200000|  0%| F|  |TAMS 0x0000000742100000, 0x0000000742100000| Untracked 
|  12|0x0000000742200000, 0x0000000742200000, 0x0000000742300000|  0%| F|  |TAMS 0x0000000742200000, 0x0000000742200000| Untracked 
|  13|0x0000000742300000, 0x0000000742300000, 0x0000000742400000|  0%| F|  |TAMS 0x0000000742300000, 0x0000000742300000| Untracked 
|  14|0x0000000742400000, 0x0000000742400000, 0x0000000742500000|  0%| F|  |TAMS 0x0000000742400000, 0x0000000742400000| Untracked 
|  15|0x0000000742500000, 0x0000000742500000, 0x0000000742600000|  0%| F|  |TAMS 0x0000000742500000, 0x0000000742500000| Untracked 
|  16|0x0000000742600000, 0x0000000742600000, 0x0000000742700000|  0%| F|  |TAMS 0x0000000742600000, 0x0000000742600000| Untracked 
|  17|0x0000000742700000, 0x0000000742700000, 0x0000000742800000|  0%| F|  |TAMS 0x0000000742700000, 0x0000000742700000| Untracked 
|  18|0x0000000742800000, 0x0000000742800000, 0x0000000742900000|  0%| F|  |TAMS 0x0000000742800000, 0x0000000742800000| Untracked 
|  19|0x0000000742900000, 0x0000000742900000, 0x0000000742a00000|  0%| F|  |TAMS 0x0000000742900000, 0x0000000742900000| Untracked 
|  20|0x0000000742a00000, 0x0000000742a00000, 0x0000000742b00000|  0%| F|  |TAMS 0x0000000742a00000, 0x0000000742a00000| Untracked 
|  21|0x0000000742b00000, 0x0000000742b00000, 0x0000000742c00000|  0%| F|  |TAMS 0x0000000742b00000, 0x0000000742b00000| Untracked 
|  22|0x0000000742c00000, 0x0000000742c00000, 0x0000000742d00000|  0%| F|  |TAMS 0x0000000742c00000, 0x0000000742c00000| Untracked 
|  23|0x0000000742d00000, 0x0000000742d00000, 0x0000000742e00000|  0%| F|  |TAMS 0x0000000742d00000, 0x0000000742d00000| Untracked 
|  24|0x0000000742e00000, 0x0000000742e00000, 0x0000000742f00000|  0%| F|  |TAMS 0x0000000742e00000, 0x0000000742e00000| Untracked 
|  25|0x0000000742f00000, 0x0000000742f00000, 0x0000000743000000|  0%| F|  |TAMS 0x0000000742f00000, 0x0000000742f00000| Untracked 
|  26|0x0000000743000000, 0x0000000743000000, 0x0000000743100000|  0%| F|  |TAMS 0x0000000743000000, 0x0000000743000000| Untracked 
|  27|0x0000000743100000, 0x0000000743100000, 0x0000000743200000|  0%| F|  |TAMS 0x0000000743100000, 0x0000000743100000| Untracked 
|  28|0x0000000743200000, 0x0000000743200000, 0x0000000743300000|  0%| F|  |TAMS 0x0000000743200000, 0x0000000743200000| Untracked 
|  29|0x0000000743300000, 0x0000000743300000, 0x0000000743400000|  0%| F|  |TAMS 0x0000000743300000, 0x0000000743300000| Untracked 
|  30|0x0000000743400000, 0x0000000743400000, 0x0000000743500000|  0%| F|  |TAMS 0x0000000743400000, 0x0000000743400000| Untracked 
|  31|0x0000000743500000, 0x0000000743500000, 0x0000000743600000|  0%| F|  |TAMS 0x0000000743500000, 0x0000000743500000| Untracked 
|  32|0x0000000743600000, 0x0000000743600000, 0x0000000743700000|  0%| F|  |TAMS 0x0000000743600000, 0x0000000743600000| Untracked 
|  33|0x0000000743700000, 0x0000000743700000, 0x0000000743800000|  0%| F|  |TAMS 0x0000000743700000, 0x0000000743700000| Untracked 
|  34|0x0000000743800000, 0x0000000743800000, 0x0000000743900000|  0%| F|  |TAMS 0x0000000743800000, 0x0000000743800000| Untracked 
|  35|0x0000000743900000, 0x0000000743900000, 0x0000000743a00000|  0%| F|  |TAMS 0x0000000743900000, 0x0000000743900000| Untracked 
|  36|0x0000000743a00000, 0x0000000743a00000, 0x0000000743b00000|  0%| F|  |TAMS 0x0000000743a00000, 0x0000000743a00000| Untracked 
|  37|0x0000000743b00000, 0x0000000743b00000, 0x0000000743c00000|  0%| F|  |TAMS 0x0000000743b00000, 0x0000000743b00000| Untracked 
|  38|0x0000000743c00000, 0x0000000743c00000, 0x0000000743d00000|  0%| F|  |TAMS 0x0000000743c00000, 0x0000000743c00000| Untracked 
|  39|0x0000000743d00000, 0x0000000743d00000, 0x0000000743e00000|  0%| F|  |TAMS 0x0000000743d00000, 0x0000000743d00000| Untracked 
|  40|0x0000000743e00000, 0x0000000743e00000, 0x0000000743f00000|  0%| F|  |TAMS 0x0000000743e00000, 0x0000000743e00000| Untracked 
|  41|0x0000000743f00000, 0x0000000743f00000, 0x0000000744000000|  0%| F|  |TAMS 0x0000000743f00000, 0x0000000743f00000| Untracked 
|  42|0x0000000744000000, 0x0000000744000000, 0x0000000744100000|  0%| F|  |TAMS 0x0000000744000000, 0x0000000744000000| Untracked 
|  43|0x0000000744100000, 0x0000000744100000, 0x0000000744200000|  0%| F|  |TAMS 0x0000000744100000, 0x0000000744100000| Untracked 
|  44|0x0000000744200000, 0x0000000744200000, 0x0000000744300000|  0%| F|  |TAMS 0x0000000744200000, 0x0000000744200000| Untracked 
|  45|0x0000000744300000, 0x0000000744300000, 0x0000000744400000|  0%| F|  |TAMS 0x0000000744300000, 0x0000000744300000| Untracked 
|  46|0x0000000744400000, 0x0000000744400000, 0x0000000744500000|  0%| F|  |TAMS 0x0000000744400000, 0x0000000744400000| Untracked 
|  47|0x0000000744500000, 0x0000000744500000, 0x0000000744600000|  0%| F|  |TAMS 0x0000000744500000, 0x0000000744500000| Untracked 
|  48|0x0000000744600000, 0x0000000744600000, 0x0000000744700000|  0%| F|  |TAMS 0x0000000744600000, 0x0000000744600000| Untracked 
|  49|0x0000000744700000, 0x0000000744700000, 0x0000000744800000|  0%| F|  |TAMS 0x0000000744700000, 0x0000000744700000| Untracked 
|  50|0x0000000744800000, 0x0000000744800000, 0x0000000744900000|  0%| F|  |TAMS 0x0000000744800000, 0x0000000744800000| Untracked 
|  51|0x0000000744900000, 0x0000000744900000, 0x0000000744a00000|  0%| F|  |TAMS 0x0000000744900000, 0x0000000744900000| Untracked 
|  52|0x0000000744a00000, 0x0000000744a00000, 0x0000000744b00000|  0%| F|  |TAMS 0x0000000744a00000, 0x0000000744a00000| Untracked 
|  53|0x0000000744b00000, 0x0000000744b00000, 0x0000000744c00000|  0%| F|  |TAMS 0x0000000744b00000, 0x0000000744b00000| Untracked 
|  54|0x0000000744c00000, 0x0000000744c00000, 0x0000000744d00000|  0%| F|  |TAMS 0x0000000744c00000, 0x0000000744c00000| Untracked 
|  55|0x0000000744d00000, 0x0000000744d00000, 0x0000000744e00000|  0%| F|  |TAMS 0x0000000744d00000, 0x0000000744d00000| Untracked 
|  56|0x0000000744e00000, 0x0000000744e00000, 0x0000000744f00000|  0%| F|  |TAMS 0x0000000744e00000, 0x0000000744e00000| Untracked 
|  57|0x0000000744f00000, 0x0000000744f00000, 0x0000000745000000|  0%| F|  |TAMS 0x0000000744f00000, 0x0000000744f00000| Untracked 
|  58|0x0000000745000000, 0x0000000745000000, 0x0000000745100000|  0%| F|  |TAMS 0x0000000745000000, 0x0000000745000000| Untracked 
|  59|0x0000000745100000, 0x0000000745100000, 0x0000000745200000|  0%| F|  |TAMS 0x0000000745100000, 0x0000000745100000| Untracked 
|  60|0x0000000745200000, 0x0000000745200000, 0x0000000745300000|  0%| F|  |TAMS 0x0000000745200000, 0x0000000745200000| Untracked 
|  61|0x0000000745300000, 0x0000000745300000, 0x0000000745400000|  0%| F|  |TAMS 0x0000000745300000, 0x0000000745300000| Untracked 
|  62|0x0000000745400000, 0x0000000745400000, 0x0000000745500000|  0%| F|  |TAMS 0x0000000745400000, 0x0000000745400000| Untracked 
|  63|0x0000000745500000, 0x0000000745500000, 0x0000000745600000|  0%| F|  |TAMS 0x0000000745500000, 0x0000000745500000| Untracked 
|  64|0x0000000745600000, 0x0000000745600000, 0x0000000745700000|  0%| F|  |TAMS 0x0000000745600000, 0x0000000745600000| Untracked 
|  65|0x0000000745700000, 0x0000000745700000, 0x0000000745800000|  0%| F|  |TAMS 0x0000000745700000, 0x0000000745700000| Untracked 
|  66|0x0000000745800000, 0x0000000745800000, 0x0000000745900000|  0%| F|  |TAMS 0x0000000745800000, 0x0000000745800000| Untracked 
|  67|0x0000000745900000, 0x0000000745900000, 0x0000000745a00000|  0%| F|  |TAMS 0x0000000745900000, 0x0000000745900000| Untracked 
|  68|0x0000000745a00000, 0x0000000745a00000, 0x0000000745b00000|  0%| F|  |TAMS 0x0000000745a00000, 0x0000000745a00000| Untracked 
|  69|0x0000000745b00000, 0x0000000745b00000, 0x0000000745c00000|  0%| F|  |TAMS 0x0000000745b00000, 0x0000000745b00000| Untracked 
|  70|0x0000000745c00000, 0x0000000745c00000, 0x0000000745d00000|  0%| F|  |TAMS 0x0000000745c00000, 0x0000000745c00000| Untracked 
|  71|0x0000000745d00000, 0x0000000745d00000, 0x0000000745e00000|  0%| F|  |TAMS 0x0000000745d00000, 0x0000000745d00000| Untracked 
|  72|0x0000000745e00000, 0x0000000745e00000, 0x0000000745f00000|  0%| F|  |TAMS 0x0000000745e00000, 0x0000000745e00000| Untracked 
|  73|0x0000000745f00000, 0x0000000745f00000, 0x0000000746000000|  0%| F|  |TAMS 0x0000000745f00000, 0x0000000745f00000| Untracked 
|  74|0x0000000746000000, 0x0000000746000000, 0x0000000746100000|  0%| F|  |TAMS 0x0000000746000000, 0x0000000746000000| Untracked 
|  75|0x0000000746100000, 0x0000000746100000, 0x0000000746200000|  0%| F|  |TAMS 0x0000000746100000, 0x0000000746100000| Untracked 
|  76|0x0000000746200000, 0x0000000746200000, 0x0000000746300000|  0%| F|  |TAMS 0x0000000746200000, 0x0000000746200000| Untracked 
|  77|0x0000000746300000, 0x0000000746300000, 0x0000000746400000|  0%| F|  |TAMS 0x0000000746300000, 0x0000000746300000| Untracked 
|  78|0x0000000746400000, 0x0000000746400000, 0x0000000746500000|  0%| F|  |TAMS 0x0000000746400000, 0x0000000746400000| Untracked 
|  79|0x0000000746500000, 0x0000000746500000, 0x0000000746600000|  0%| F|  |TAMS 0x0000000746500000, 0x0000000746500000| Untracked 
|  80|0x0000000746600000, 0x0000000746600000, 0x0000000746700000|  0%| F|  |TAMS 0x0000000746600000, 0x0000000746600000| Untracked 
|  81|0x0000000746700000, 0x0000000746700000, 0x0000000746800000|  0%| F|  |TAMS 0x0000000746700000, 0x0000000746700000| Untracked 
|  82|0x0000000746800000, 0x0000000746800000, 0x0000000746900000|  0%| F|  |TAMS 0x0000000746800000, 0x0000000746800000| Untracked 
|  83|0x0000000746900000, 0x0000000746900000, 0x0000000746a00000|  0%| F|  |TAMS 0x0000000746900000, 0x0000000746900000| Untracked 
|  84|0x0000000746a00000, 0x0000000746a00000, 0x0000000746b00000|  0%| F|  |TAMS 0x0000000746a00000, 0x0000000746a00000| Untracked 
|  85|0x0000000746b00000, 0x0000000746b00000, 0x0000000746c00000|  0%| F|  |TAMS 0x0000000746b00000, 0x0000000746b00000| Untracked 
|  86|0x0000000746c00000, 0x0000000746c00000, 0x0000000746d00000|  0%| F|  |TAMS 0x0000000746c00000, 0x0000000746c00000| Untracked 
|  87|0x0000000746d00000, 0x0000000746d00000, 0x0000000746e00000|  0%| F|  |TAMS 0x0000000746d00000, 0x0000000746d00000| Untracked 
|  88|0x0000000746e00000, 0x0000000746e00000, 0x0000000746f00000|  0%| F|  |TAMS 0x0000000746e00000, 0x0000000746e00000| Untracked 
|  89|0x0000000746f00000, 0x0000000746f00000, 0x0000000747000000|  0%| F|  |TAMS 0x0000000746f00000, 0x0000000746f00000| Untracked 
|  90|0x0000000747000000, 0x0000000747000000, 0x0000000747100000|  0%| F|  |TAMS 0x0000000747000000, 0x0000000747000000| Untracked 
|  91|0x0000000747100000, 0x0000000747100000, 0x0000000747200000|  0%| F|  |TAMS 0x0000000747100000, 0x0000000747100000| Untracked 
|  92|0x0000000747200000, 0x0000000747200000, 0x0000000747300000|  0%| F|  |TAMS 0x0000000747200000, 0x0000000747200000| Untracked 
|  93|0x0000000747300000, 0x0000000747300000, 0x0000000747400000|  0%| F|  |TAMS 0x0000000747300000, 0x0000000747300000| Untracked 
|  94|0x0000000747400000, 0x0000000747400000, 0x0000000747500000|  0%| F|  |TAMS 0x0000000747400000, 0x0000000747400000| Untracked 
|  95|0x0000000747500000, 0x0000000747500000, 0x0000000747600000|  0%| F|  |TAMS 0x0000000747500000, 0x0000000747500000| Untracked 
|  96|0x0000000747600000, 0x0000000747600000, 0x0000000747700000|  0%| F|  |TAMS 0x0000000747600000, 0x0000000747600000| Untracked 
|  97|0x0000000747700000, 0x0000000747700000, 0x0000000747800000|  0%| F|  |TAMS 0x0000000747700000, 0x0000000747700000| Untracked 
|  98|0x0000000747800000, 0x0000000747800000, 0x0000000747900000|  0%| F|  |TAMS 0x0000000747800000, 0x0000000747800000| Untracked 
|  99|0x0000000747900000, 0x0000000747900000, 0x0000000747a00000|  0%| F|  |TAMS 0x0000000747900000, 0x0000000747900000| Untracked 
| 100|0x0000000747a00000, 0x0000000747a00000, 0x0000000747b00000|  0%| F|  |TAMS 0x0000000747a00000, 0x0000000747a00000| Untracked 
| 101|0x0000000747b00000, 0x0000000747b00000, 0x0000000747c00000|  0%| F|  |TAMS 0x0000000747b00000, 0x0000000747b00000| Untracked 
| 102|0x0000000747c00000, 0x0000000747c00000, 0x0000000747d00000|  0%| F|  |TAMS 0x0000000747c00000, 0x0000000747c00000| Untracked 
| 103|0x0000000747d00000, 0x0000000747d00000, 0x0000000747e00000|  0%| F|  |TAMS 0x0000000747d00000, 0x0000000747d00000| Untracked 
| 104|0x0000000747e00000, 0x0000000747e00000, 0x0000000747f00000|  0%| F|  |TAMS 0x0000000747e00000, 0x0000000747e00000| Untracked 
| 105|0x0000000747f00000, 0x0000000747f00000, 0x0000000748000000|  0%| F|  |TAMS 0x0000000747f00000, 0x0000000747f00000| Untracked 
| 106|0x0000000748000000, 0x0000000748000000, 0x0000000748100000|  0%| F|  |TAMS 0x0000000748000000, 0x0000000748000000| Untracked 
| 107|0x0000000748100000, 0x0000000748100000, 0x0000000748200000|  0%| F|  |TAMS 0x0000000748100000, 0x0000000748100000| Untracked 
| 108|0x0000000748200000, 0x0000000748200000, 0x0000000748300000|  0%| F|  |TAMS 0x0000000748200000, 0x0000000748200000| Untracked 
| 109|0x0000000748300000, 0x0000000748300000, 0x0000000748400000|  0%| F|  |TAMS 0x0000000748300000, 0x0000000748300000| Untracked 
| 110|0x0000000748400000, 0x0000000748400000, 0x0000000748500000|  0%| F|  |TAMS 0x0000000748400000, 0x0000000748400000| Untracked 
| 111|0x0000000748500000, 0x0000000748500000, 0x0000000748600000|  0%| F|  |TAMS 0x0000000748500000, 0x0000000748500000| Untracked 
| 112|0x0000000748600000, 0x0000000748600000, 0x0000000748700000|  0%| F|  |TAMS 0x0000000748600000, 0x0000000748600000| Untracked 
| 113|0x0000000748700000, 0x0000000748700000, 0x0000000748800000|  0%| F|  |TAMS 0x0000000748700000, 0x0000000748700000| Untracked 
| 114|0x0000000748800000, 0x0000000748800000, 0x0000000748900000|  0%| F|  |TAMS 0x0000000748800000, 0x0000000748800000| Untracked 
| 115|0x0000000748900000, 0x0000000748900000, 0x0000000748a00000|  0%| F|  |TAMS 0x0000000748900000, 0x0000000748900000| Untracked 
| 116|0x0000000748a00000, 0x0000000748a00000, 0x0000000748b00000|  0%| F|  |TAMS 0x0000000748a00000, 0x0000000748a00000| Untracked 
| 117|0x0000000748b00000, 0x0000000748b00000, 0x0000000748c00000|  0%| F|  |TAMS 0x0000000748b00000, 0x0000000748b00000| Untracked 
| 118|0x0000000748c00000, 0x0000000748c00000, 0x0000000748d00000|  0%| F|  |TAMS 0x0000000748c00000, 0x0000000748c00000| Untracked 
| 119|0x0000000748d00000, 0x0000000748d00000, 0x0000000748e00000|  0%| F|  |TAMS 0x0000000748d00000, 0x0000000748d00000| Untracked 
| 120|0x0000000748e00000, 0x0000000748e00000, 0x0000000748f00000|  0%| F|  |TAMS 0x0000000748e00000, 0x0000000748e00000| Untracked 
| 121|0x0000000748f00000, 0x0000000748f00000, 0x0000000749000000|  0%| F|  |TAMS 0x0000000748f00000, 0x0000000748f00000| Untracked 
| 122|0x0000000749000000, 0x0000000749000000, 0x0000000749100000|  0%| F|  |TAMS 0x0000000749000000, 0x0000000749000000| Untracked 
| 123|0x0000000749100000, 0x0000000749100000, 0x0000000749200000|  0%| F|  |TAMS 0x0000000749100000, 0x0000000749100000| Untracked 
| 124|0x0000000749200000, 0x0000000749200000, 0x0000000749300000|  0%| F|  |TAMS 0x0000000749200000, 0x0000000749200000| Untracked 
| 125|0x0000000749300000, 0x0000000749300000, 0x0000000749400000|  0%| F|  |TAMS 0x0000000749300000, 0x0000000749300000| Untracked 
| 126|0x0000000749400000, 0x0000000749400000, 0x0000000749500000|  0%| F|  |TAMS 0x0000000749400000, 0x0000000749400000| Untracked 
| 127|0x0000000749500000, 0x00000007495c8d00, 0x0000000749600000| 78%| S|  |TAMS 0x0000000749500000, 0x0000000749500000| Complete 
| 128|0x0000000749600000, 0x00000007496aed18, 0x0000000749700000| 68%| E|CS|TAMS 0x0000000749600000, 0x00000007496aed18| Complete 
| 129|0x0000000749700000, 0x0000000749800000, 0x0000000749800000|100%| E|CS|TAMS 0x0000000749700000, 0x0000000749800000| Complete 
| 130|0x0000000749800000, 0x0000000749900000, 0x0000000749900000|100%| E|CS|TAMS 0x0000000749800000, 0x0000000749900000| Complete 
| 131|0x0000000749900000, 0x0000000749a00000, 0x0000000749a00000|100%| E|CS|TAMS 0x0000000749900000, 0x0000000749a00000| Complete 
| 132|0x0000000749a00000, 0x0000000749b00000, 0x0000000749b00000|100%| E|CS|TAMS 0x0000000749a00000, 0x0000000749b00000| Complete 
| 133|0x0000000749b00000, 0x0000000749c00000, 0x0000000749c00000|100%| E|CS|TAMS 0x0000000749b00000, 0x0000000749c00000| Complete 
| 134|0x0000000749c00000, 0x0000000749d00000, 0x0000000749d00000|100%| E|CS|TAMS 0x0000000749c00000, 0x0000000749d00000| Complete 
| 135|0x0000000749d00000, 0x0000000749e00000, 0x0000000749e00000|100%| E|CS|TAMS 0x0000000749d00000, 0x0000000749e00000| Complete 
| 136|0x0000000749e00000, 0x0000000749f00000, 0x0000000749f00000|100%| E|CS|TAMS 0x0000000749e00000, 0x0000000749f00000| Complete 
| 137|0x0000000749f00000, 0x000000074a000000, 0x000000074a000000|100%| E|CS|TAMS 0x0000000749f00000, 0x000000074a000000| Complete 
| 138|0x000000074a000000, 0x000000074a100000, 0x000000074a100000|100%| E|CS|TAMS 0x000000074a000000, 0x000000074a100000| Complete 
| 139|0x000000074a100000, 0x000000074a200000, 0x000000074a200000|100%| E|CS|TAMS 0x000000074a100000, 0x000000074a200000| Complete 
| 140|0x000000074a200000, 0x000000074a300000, 0x000000074a300000|100%| E|CS|TAMS 0x000000074a200000, 0x000000074a300000| Complete 
| 141|0x000000074a300000, 0x000000074a400000, 0x000000074a400000|100%| E|CS|TAMS 0x000000074a300000, 0x000000074a400000| Complete 
| 142|0x000000074a400000, 0x000000074a500000, 0x000000074a500000|100%| E|CS|TAMS 0x000000074a400000, 0x000000074a500000| Complete 
| 143|0x000000074a500000, 0x000000074a600000, 0x000000074a600000|100%| E|CS|TAMS 0x000000074a500000, 0x000000074a600000| Complete 
| 144|0x000000074a600000, 0x000000074a700000, 0x000000074a700000|100%| E|CS|TAMS 0x000000074a600000, 0x000000074a700000| Complete 
| 145|0x000000074a700000, 0x000000074a800000, 0x000000074a800000|100%| E|CS|TAMS 0x000000074a700000, 0x000000074a800000| Complete 
| 146|0x000000074a800000, 0x000000074a900000, 0x000000074a900000|100%| E|CS|TAMS 0x000000074a800000, 0x000000074a900000| Complete 
| 147|0x000000074a900000, 0x000000074aa00000, 0x000000074aa00000|100%| E|CS|TAMS 0x000000074a900000, 0x000000074aa00000| Complete 
| 148|0x000000074aa00000, 0x000000074ab00000, 0x000000074ab00000|100%| E|CS|TAMS 0x000000074aa00000, 0x000000074ab00000| Complete 
| 149|0x000000074ab00000, 0x000000074ac00000, 0x000000074ac00000|100%| E|CS|TAMS 0x000000074ab00000, 0x000000074ac00000| Complete 
| 150|0x000000074ac00000, 0x000000074ad00000, 0x000000074ad00000|100%| E|CS|TAMS 0x000000074ac00000, 0x000000074ad00000| Complete 
| 151|0x000000074ad00000, 0x000000074ae00000, 0x000000074ae00000|100%| E|CS|TAMS 0x000000074ad00000, 0x000000074ae00000| Complete 
| 152|0x000000074ae00000, 0x000000074af00000, 0x000000074af00000|100%| E|CS|TAMS 0x000000074ae00000, 0x000000074af00000| Complete 
| 153|0x000000074af00000, 0x000000074b000000, 0x000000074b000000|100%| E|CS|TAMS 0x000000074af00000, 0x000000074b000000| Complete 
| 154|0x000000074b000000, 0x000000074b100000, 0x000000074b100000|100%| E|CS|TAMS 0x000000074b000000, 0x000000074b100000| Complete 
| 155|0x000000074b100000, 0x000000074b200000, 0x000000074b200000|100%| E|CS|TAMS 0x000000074b100000, 0x000000074b200000| Complete 
| 156|0x000000074b200000, 0x000000074b300000, 0x000000074b300000|100%| E|CS|TAMS 0x000000074b200000, 0x000000074b300000| Complete 
| 157|0x000000074b300000, 0x000000074b400000, 0x000000074b400000|100%| E|CS|TAMS 0x000000074b300000, 0x000000074b400000| Complete 
| 158|0x000000074b400000, 0x000000074b500000, 0x000000074b500000|100%| E|CS|TAMS 0x000000074b400000, 0x000000074b500000| Complete 
| 159|0x000000074b500000, 0x000000074b600000, 0x000000074b600000|100%| E|CS|TAMS 0x000000074b500000, 0x000000074b600000| Complete 
| 160|0x000000074b600000, 0x000000074b700000, 0x000000074b700000|100%| E|CS|TAMS 0x000000074b600000, 0x000000074b700000| Complete 
| 161|0x000000074b700000, 0x000000074b800000, 0x000000074b800000|100%| E|CS|TAMS 0x000000074b700000, 0x000000074b800000| Complete 
| 162|0x000000074b800000, 0x000000074b900000, 0x000000074b900000|100%| E|CS|TAMS 0x000000074b800000, 0x000000074b900000| Complete 
| 163|0x000000074b900000, 0x000000074ba00000, 0x000000074ba00000|100%| E|CS|TAMS 0x000000074b900000, 0x000000074ba00000| Complete 
| 164|0x000000074ba00000, 0x000000074bb00000, 0x000000074bb00000|100%| E|CS|TAMS 0x000000074ba00000, 0x000000074bb00000| Complete 
| 165|0x000000074bb00000, 0x000000074bc00000, 0x000000074bc00000|100%| E|CS|TAMS 0x000000074bb00000, 0x000000074bc00000| Complete 
| 166|0x000000074bc00000, 0x000000074bd00000, 0x000000074bd00000|100%| E|CS|TAMS 0x000000074bc00000, 0x000000074bd00000| Complete 
| 167|0x000000074bd00000, 0x000000074be00000, 0x000000074be00000|100%| E|CS|TAMS 0x000000074bd00000, 0x000000074be00000| Complete 
| 168|0x000000074be00000, 0x000000074bf00000, 0x000000074bf00000|100%| E|CS|TAMS 0x000000074be00000, 0x000000074bf00000| Complete 
| 169|0x000000074bf00000, 0x000000074c000000, 0x000000074c000000|100%| E|CS|TAMS 0x000000074bf00000, 0x000000074c000000| Complete 
| 170|0x000000074c000000, 0x000000074c100000, 0x000000074c100000|100%| E|CS|TAMS 0x000000074c000000, 0x000000074c100000| Complete 
| 171|0x000000074c100000, 0x000000074c200000, 0x000000074c200000|100%| E|CS|TAMS 0x000000074c100000, 0x000000074c200000| Complete 
| 172|0x000000074c200000, 0x000000074c300000, 0x000000074c300000|100%| E|CS|TAMS 0x000000074c200000, 0x000000074c300000| Complete 
| 173|0x000000074c300000, 0x000000074c400000, 0x000000074c400000|100%| E|CS|TAMS 0x000000074c300000, 0x000000074c400000| Complete 
| 174|0x000000074c400000, 0x000000074c500000, 0x000000074c500000|100%| E|CS|TAMS 0x000000074c400000, 0x000000074c500000| Complete 
| 175|0x000000074c500000, 0x000000074c600000, 0x000000074c600000|100%| E|CS|TAMS 0x000000074c500000, 0x000000074c600000| Complete 
| 176|0x000000074c600000, 0x000000074c700000, 0x000000074c700000|100%| E|CS|TAMS 0x000000074c600000, 0x000000074c700000| Complete 
| 177|0x000000074c700000, 0x000000074c800000, 0x000000074c800000|100%| E|CS|TAMS 0x000000074c700000, 0x000000074c800000| Complete 
| 178|0x000000074c800000, 0x000000074c900000, 0x000000074c900000|100%| E|CS|TAMS 0x000000074c800000, 0x000000074c900000| Complete 
| 179|0x000000074c900000, 0x000000074ca00000, 0x000000074ca00000|100%| E|CS|TAMS 0x000000074c900000, 0x000000074ca00000| Complete 
| 180|0x000000074ca00000, 0x000000074cb00000, 0x000000074cb00000|100%| E|CS|TAMS 0x000000074ca00000, 0x000000074cb00000| Complete 
| 181|0x000000074cb00000, 0x000000074cc00000, 0x000000074cc00000|100%| E|CS|TAMS 0x000000074cb00000, 0x000000074cc00000| Complete 
| 182|0x000000074cc00000, 0x000000074cd00000, 0x000000074cd00000|100%| E|CS|TAMS 0x000000074cc00000, 0x000000074cd00000| Complete 
| 183|0x000000074cd00000, 0x000000074cd7c6c8, 0x000000074ce00000| 48%| E|CS|TAMS 0x000000074cd00000, 0x000000074cd7c6c8| Complete 
| 184|0x000000074ce00000, 0x000000074cf00000, 0x000000074cf00000|100%| E|CS|TAMS 0x000000074ce00000, 0x000000074cf00000| Complete 
| 185|0x000000074cf00000, 0x000000074d000000, 0x000000074d000000|100%| E|CS|TAMS 0x000000074cf00000, 0x000000074d000000| Complete 
| 186|0x000000074d000000, 0x000000074d100000, 0x000000074d100000|100%| E|CS|TAMS 0x000000074d000000, 0x000000074d100000| Complete 
| 187|0x000000074d100000, 0x000000074d200000, 0x000000074d200000|100%| E|CS|TAMS 0x000000074d100000, 0x000000074d200000| Complete 
| 188|0x000000074d200000, 0x000000074d300000, 0x000000074d300000|100%| E|CS|TAMS 0x000000074d200000, 0x000000074d300000| Complete 
| 189|0x000000074d300000, 0x000000074d400000, 0x000000074d400000|100%| E|CS|TAMS 0x000000074d300000, 0x000000074d400000| Complete 
| 190|0x000000074d400000, 0x000000074d500000, 0x000000074d500000|100%| E|CS|TAMS 0x000000074d400000, 0x000000074d500000| Complete 
| 191|0x000000074d500000, 0x000000074d600000, 0x000000074d600000|100%| E|CS|TAMS 0x000000074d500000, 0x000000074d600000| Complete 

Card table byte_map: [0x000001b83da70000,0x000001b83e070000] _byte_map_base: 0x000001b83a065000

Marking Bits (Prev, Next): (CMBitMap*) 0x000001b8260bf738, (CMBitMap*) 0x000001b8260bf770
 Prev Bits: [0x000001b83e670000, 0x000001b841618000)
 Next Bits: [0x000001b841620000, 0x000001b8445c8000)

Polling page: 0x000001b825840000

Metaspace:

Usage:
  Non-class:     18.07 MB capacity,    17.72 MB ( 98%) used,   291.53 KB (  2%) free+waste,    67.19 KB ( <1%) overhead. 
      Class:      2.56 MB capacity,     2.31 MB ( 90%) used,   219.73 KB (  8%) free+waste,    34.38 KB (  1%) overhead. 
       Both:     20.63 MB capacity,    20.03 MB ( 97%) used,   511.26 KB (  2%) free+waste,   101.56 KB ( <1%) overhead. 

Virtual space:
  Non-class space:       20.00 MB reserved,      18.17 MB ( 91%) committed 
      Class space:        1.00 GB reserved,       2.63 MB ( <1%) committed 
             Both:        1.02 GB reserved,      20.80 MB (  2%) committed 

Chunk freelists:
   Non-Class:  6.88 KB
       Class:  896 bytes
        Both:  7.75 KB

CodeHeap 'non-profiled nmethods': size=238912Kb used=3153Kb max_used=3153Kb free=235759Kb
 bounds [0x000001b82eb20000, 0x000001b82ee40000, 0x000001b83d470000]
CodeHeap 'non-nmethods': size=6848Kb used=1137Kb max_used=1137Kb free=5710Kb
 bounds [0x000001b82e470000, 0x000001b82e6e0000, 0x000001b82eb20000]
 total_blobs=2543 nmethods=2084 adapters=368
 compilation: enabled
              stopped_count=0, restarted_count=0
 full_count=0

Compilation events (10 events):
Event: 5.121 Thread 0x000001b84733d000 2080       1       java.lang.StringLatin1$CharsSpliterator::tryAdvance (60 bytes)
Event: 5.121 Thread 0x000001b84733d000 nmethod 2080 0x000001b82ee32c90 code [0x000001b82ee32e60, 0x000001b82ee330e0]
Event: 5.121 Thread 0x000001b84733d000 2081       1       java.util.stream.MatchOps$2MatchSink::accept (44 bytes)
Event: 5.121 Thread 0x000001b84733d000 nmethod 2081 0x000001b82ee33210 code [0x000001b82ee333c0, 0x000001b82ee33550]
Event: 5.121 Thread 0x000001b84733d000 2082       1       org.springframework.boot.context.properties.source.SystemEnvironmentPropertyMapper$$Lambda$155/0x00000008001c3c40::test (5 bytes)
Event: 5.122 Thread 0x000001b84733d000 nmethod 2082 0x000001b82ee33610 code [0x000001b82ee337c0, 0x000001b82ee33940]
Event: 5.122 Thread 0x000001b84733d000 2083       1       java.lang.Character::isDigit (15 bytes)
Event: 5.123 Thread 0x000001b84733d000 nmethod 2083 0x000001b82ee33a10 code [0x000001b82ee33bc0, 0x000001b82ee33d20]
Event: 5.124 Thread 0x000001b84733d000 2084       1       ch.qos.logback.classic.Logger::getChildByName (68 bytes)
Event: 5.124 Thread 0x000001b84733d000 nmethod 2084 0x000001b82ee33e10 code [0x000001b82ee33fe0, 0x000001b82ee34270]

GC Heap History (5 events):
Event: 0.915 GC heap before
{Heap before GC invocations=0 (full 0):
 garbage-first heap   total 196608K, used 15360K [0x0000000741600000, 0x0000000800000000)
  region size 1024K, 14 young (14336K), 0 survivors (0K)
 Metaspace       used 6085K, capacity 6166K, committed 6272K, reserved 1056768K
  class space    used 539K, capacity 567K, committed 640K, reserved 1048576K
}
Event: 0.921 GC heap after
{Heap after GC invocations=1 (full 0):
 garbage-first heap   total 196608K, used 9790K [0x0000000741600000, 0x0000000800000000)
  region size 1024K, 2 young (2048K), 2 survivors (2048K)
 Metaspace       used 6085K, capacity 6166K, committed 6272K, reserved 1056768K
  class space    used 539K, capacity 567K, committed 640K, reserved 1048576K
}
Event: 2.019 GC heap before
{Heap before GC invocations=1 (full 0):
 garbage-first heap   total 196608K, used 15934K [0x0000000741600000, 0x0000000800000000)
  region size 1024K, 9 young (9216K), 2 survivors (2048K)
 Metaspace       used 11506K, capacity 11777K, committed 11904K, reserved 1060864K
  class space    used 1207K, capacity 1314K, committed 1408K, reserved 1048576K
}
Event: 2.024 GC heap after
{Heap after GC invocations=2 (full 0):
 garbage-first heap   total 196608K, used 10178K [0x0000000741600000, 0x0000000800000000)
  region size 1024K, 2 young (2048K), 2 survivors (2048K)
 Metaspace       used 11506K, capacity 11777K, committed 11904K, reserved 1060864K
  class space    used 1207K, capacity 1314K, committed 1408K, reserved 1048576K
}
Event: 5.129 GC heap before
{Heap before GC invocations=2 (full 0):
 garbage-first heap   total 196608K, used 72642K [0x0000000741600000, 0x0000000800000000)
  region size 1024K, 64 young (65536K), 2 survivors (2048K)
 Metaspace       used 20509K, capacity 21122K, committed 21296K, reserved 1069056K
  class space    used 2362K, capacity 2617K, committed 2688K, reserved 1048576K
}

Deoptimization events (0 events):
No events

Classes redefined (0 events):
No events

Internal exceptions (10 events):
Event: 4.810 Thread 0x000001b826071800 Exception <a 'java/lang/NoSuchMethodError'{0x000000074aaebd20}: java.lang.invoke.Invokers$Holder.linkToTargetMethod(Ljava/lang/Object;Ljava/lang/Object;ILjava/lang/Object;Ljava/lang/Object;)Ljava/lang/Object;> (0x000000074aaebd20) thrown at [./open/src/ho
Event: 4.811 Thread 0x000001b826071800 Exception <a 'java/lang/NoSuchMethodError'{0x000000074aafa780}: java.lang.invoke.DirectMethodHandle$Holder.invokeStatic(Ljava/lang/Object;ILjava/lang/Object;Ljava/lang/Object;)I> (0x000000074aafa780) thrown at [./open/src/hotspot/share/interpreter/linkRes
Event: 4.811 Thread 0x000001b826071800 Exception <a 'java/lang/NoSuchMethodError'{0x000000074a901fc0}: java.lang.invoke.DirectMethodHandle$Holder.invokeStatic(Ljava/lang/Object;ILjava/lang/Object;)Ljava/lang/Object;> (0x000000074a901fc0) thrown at [./open/src/hotspot/share/interpreter/linkReso
Event: 4.812 Thread 0x000001b826071800 Exception <a 'java/lang/NoSuchMethodError'{0x000000074a905878}: java.lang.invoke.DirectMethodHandle$Holder.invokeSpecialIFC(Ljava/lang/Object;Ljava/lang/Object;Ljava/lang/Object;Ljava/lang/Object;)I> (0x000000074a905878) thrown at [./open/src/hotspot/shar
Event: 4.845 Thread 0x000001b826071800 Exception <a 'java/lang/NoSuchMethodError'{0x000000074a875078}: java.lang.invoke.DirectMethodHandle$Holder.invokeSpecial(Ljava/lang/Object;Ljava/lang/Object;Ljava/lang/Object;Ljava/lang/Object;Ljava/lang/Object;)V> (0x000000074a875078) thrown at [./open/s
Event: 4.943 Thread 0x000001b826071800 Exception <a 'java/lang/NoSuchMethodError'{0x000000074a3f4058}: java.lang.invoke.DirectMethodHandle$Holder.invokeSpecial(Ljava/lang/Object;Ljava/lang/Object;Ljava/lang/Object;Ljava/lang/Object;Ljava/lang/Object;Ljava/lang/Object;)V> (0x000000074a3f4058) t
Event: 5.017 Thread 0x000001b826071800 Exception <a 'java/lang/NoSuchMethodError'{0x000000074a0a08c0}: java.lang.invoke.DirectMethodHandle$Holder.invokeStatic(Ljava/lang/Object;Ljava/lang/Object;I)V> (0x000000074a0a08c0) thrown at [./open/src/hotspot/share/interpreter/linkResolver.cpp, line 77
Event: 5.019 Thread 0x000001b826071800 Exception <a 'java/lang/NoSuchMethodError'{0x000000074a0a8020}: java.lang.invoke.DirectMethodHandle$Holder.invokeStaticInit(Ljava/lang/Object;Ljava/lang/Object;)V> (0x000000074a0a8020) thrown at [./open/src/hotspot/share/interpreter/linkResolver.cpp, line
Event: 5.022 Thread 0x000001b826071800 Exception <a 'java/lang/NoSuchMethodError'{0x000000074a0cf2c0}: java.lang.invoke.DirectMethodHandle$Holder.invokeStaticInit(Ljava/lang/Object;Ljava/lang/Object;Ljava/lang/Object;)V> (0x000000074a0cf2c0) thrown at [./open/src/hotspot/share/interpreter/link
Event: 5.039 Thread 0x000001b826071800 Exception <a 'java/lang/NoSuchMethodError'{0x0000000749fdadc0}: java.lang.invoke.DirectMethodHandle$Holder.invokeVirtual(Ljava/lang/Object;Ljava/lang/Object;Ljava/lang/Object;Ljava/lang/Object;)V> (0x0000000749fdadc0) thrown at [./open/src/hotspot/share/i

Events (10 events):
Event: 5.126 loading class org/springframework/beans/factory/config/AutowireCapableBeanFactory done
Event: 5.126 loading class org/springframework/beans/factory/config/ConfigurableBeanFactory
Event: 5.126 loading class org/springframework/beans/factory/config/ConfigurableBeanFactory done
Event: 5.127 loading class org/springframework/beans/factory/config/SingletonBeanRegistry
Event: 5.127 loading class org/springframework/beans/factory/config/SingletonBeanRegistry done
Event: 5.128 loading class org/springframework/beans/factory/support/AbstractAutowireCapableBeanFactory
Event: 5.128 loading class org/springframework/beans/factory/support/AbstractAutowireCapableBeanFactory done
Event: 5.128 loading class org/jboss/logging/DelegatingBasicLogger
Event: 5.128 loading class org/jboss/logging/DelegatingBasicLogger done
Event: 5.129 Executing VM operation: CollectForMetadataAllocation


Dynamic libraries:
0x00007ff736fe0000 - 0x00007ff737027000 	G:\software\jdk\jdk-11.0.7\bin\javaw.exe
0x00007ff91deb0000 - 0x00007ff91e0a5000 	C:\WINDOWS\SYSTEM32\ntdll.dll
0x00007ff91bef0000 - 0x00007ff91bfad000 	C:\WINDOWS\System32\KERNEL32.DLL
0x00007ff91b790000 - 0x00007ff91ba59000 	C:\WINDOWS\System32\KERNELBASE.dll
0x00007ff91d300000 - 0x00007ff91d3ac000 	C:\WINDOWS\System32\ADVAPI32.dll
0x00007ff91dc50000 - 0x00007ff91dcee000 	C:\WINDOWS\System32\msvcrt.dll
0x00007ff91d8c0000 - 0x00007ff91d95b000 	C:\WINDOWS\System32\sechost.dll
0x00007ff91d480000 - 0x00007ff91d5aa000 	C:\WINDOWS\System32\RPCRT4.dll
0x00007ff91d5b0000 - 0x00007ff91d750000 	C:\WINDOWS\System32\USER32.dll
0x00007ff91b760000 - 0x00007ff91b782000 	C:\WINDOWS\System32\win32u.dll
0x00007ff91de10000 - 0x00007ff91de3a000 	C:\WINDOWS\System32\GDI32.dll
0x00007ff91bc70000 - 0x00007ff91bd7b000 	C:\WINDOWS\System32\gdi32full.dll
0x00007ff91b5c0000 - 0x00007ff91b65d000 	C:\WINDOWS\System32\msvcp_win.dll
0x00007ff91b660000 - 0x00007ff91b760000 	C:\WINDOWS\System32\ucrtbase.dll
0x00007ff90c6a0000 - 0x00007ff90c93a000 	C:\WINDOWS\WinSxS\amd64_microsoft.windows.common-controls_6595b64144ccf1df_6.0.19041.1083_none_60bbe31371f34e71\COMCTL32.dll
0x00007ff911aa0000 - 0x00007ff911aaa000 	C:\WINDOWS\SYSTEM32\VERSION.dll
0x00007ff91d760000 - 0x00007ff91d790000 	C:\WINDOWS\System32\IMM32.DLL
0x00007ff8f9f90000 - 0x00007ff8f9fa6000 	G:\software\jdk\jdk-11.0.7\bin\vcruntime140.dll
0x00007ff8e5900000 - 0x00007ff8e59aa000 	G:\software\jdk\jdk-11.0.7\bin\msvcp140.dll
0x00007ff8c2f80000 - 0x00007ff8c3ae1000 	G:\software\jdk\jdk-11.0.7\bin\server\jvm.dll
0x00007ff91dc40000 - 0x00007ff91dc48000 	C:\WINDOWS\System32\PSAPI.DLL
0x00007ff906830000 - 0x00007ff906839000 	C:\WINDOWS\SYSTEM32\WSOCK32.dll
0x00007ff90a6e0000 - 0x00007ff90a707000 	C:\WINDOWS\SYSTEM32\WINMM.dll
0x00007ff91d3b0000 - 0x00007ff91d41b000 	C:\WINDOWS\System32\WS2_32.dll
0x00007ff9194f0000 - 0x00007ff919502000 	C:\WINDOWS\SYSTEM32\kernel.appcore.dll
0x00007ff8f9f30000 - 0x00007ff8f9f41000 	G:\software\jdk\jdk-11.0.7\bin\verify.dll
0x00007ff907940000 - 0x00007ff907b24000 	C:\WINDOWS\SYSTEM32\DBGHELP.DLL
0x00007ff907910000 - 0x00007ff90793c000 	C:\WINDOWS\SYSTEM32\dbgcore.DLL
0x00007ff91be60000 - 0x00007ff91bee3000 	C:\WINDOWS\System32\bcryptPrimitives.dll
0x00007ff8ee9a0000 - 0x00007ff8ee9c9000 	G:\software\jdk\jdk-11.0.7\bin\java.dll
0x00007ff90a560000 - 0x00007ff90a56a000 	G:\software\jdk\jdk-11.0.7\bin\jimage.dll
0x00007ff8f9f10000 - 0x00007ff8f9f26000 	G:\software\jdk\jdk-11.0.7\bin\zip.dll
0x00007ff91c7e0000 - 0x00007ff91cf1f000 	C:\WINDOWS\System32\SHELL32.dll
0x00007ff9196f0000 - 0x00007ff919e81000 	C:\WINDOWS\SYSTEM32\windows.storage.dll
0x00007ff91cf20000 - 0x00007ff91d275000 	C:\WINDOWS\System32\combase.dll
0x00007ff91af60000 - 0x00007ff91af8c000 	C:\WINDOWS\SYSTEM32\Wldp.dll
0x00007ff91d790000 - 0x00007ff91d83e000 	C:\WINDOWS\System32\SHCORE.dll
0x00007ff91d420000 - 0x00007ff91d475000 	C:\WINDOWS\System32\shlwapi.dll
0x00007ff91b500000 - 0x00007ff91b51f000 	C:\WINDOWS\SYSTEM32\profapi.dll
0x00007ff8ee8c0000 - 0x00007ff8ee8d9000 	G:\software\jdk\jdk-11.0.7\bin\net.dll
0x00007ff914b50000 - 0x00007ff914c5a000 	C:\WINDOWS\SYSTEM32\WINHTTP.dll
0x00007ff91acc0000 - 0x00007ff91ad2a000 	C:\WINDOWS\system32\mswsock.dll
0x00007ff8ee8a0000 - 0x00007ff8ee8b3000 	G:\software\jdk\jdk-11.0.7\bin\nio.dll
0x00007ff90a5a0000 - 0x00007ff90a5a9000 	G:\software\jdk\jdk-11.0.7\bin\management.dll
0x00007ff90da30000 - 0x00007ff90da3c000 	G:\software\jdk\jdk-11.0.7\bin\management_ext.dll
0x00007ff906810000 - 0x00007ff906827000 	C:\WINDOWS\system32\napinsp.dll
0x00007ff9067f0000 - 0x00007ff90680b000 	C:\WINDOWS\system32\pnrpnsp.dll
0x00007ff9067d0000 - 0x00007ff9067e5000 	C:\WINDOWS\system32\wshbth.dll
0x00007ff916c60000 - 0x00007ff916c7d000 	C:\WINDOWS\system32\NLAapi.dll
0x00007ff91a9b0000 - 0x00007ff91a9eb000 	C:\WINDOWS\SYSTEM32\IPHLPAPI.DLL
0x00007ff91a9f0000 - 0x00007ff91aabc000 	C:\WINDOWS\SYSTEM32\DNSAPI.dll
0x00007ff91c6c0000 - 0x00007ff91c6c8000 	C:\WINDOWS\System32\NSI.dll
0x00007ff9067b0000 - 0x00007ff9067c2000 	C:\WINDOWS\System32\winrnr.dll
0x00007ff914120000 - 0x00007ff91412a000 	C:\Windows\System32\rasadhlp.dll
0x00007ff913970000 - 0x00007ff9139ef000 	C:\WINDOWS\System32\fwpuclnt.dll
0x00007ff91bdd0000 - 0x00007ff91bdf7000 	C:\WINDOWS\System32\bcrypt.dll
0x00007ff91aea0000 - 0x00007ff91aeb8000 	C:\WINDOWS\SYSTEM32\CRYPTSP.dll
0x00007ff91a660000 - 0x00007ff91a694000 	C:\WINDOWS\system32\rsaenh.dll
0x00007ff91b480000 - 0x00007ff91b4ae000 	C:\WINDOWS\SYSTEM32\USERENV.dll
0x00007ff91aec0000 - 0x00007ff91aecc000 	C:\WINDOWS\SYSTEM32\CRYPTBASE.dll
0x00007ff916570000 - 0x00007ff916587000 	C:\WINDOWS\SYSTEM32\dhcpcsvc6.DLL
0x00007ff916550000 - 0x00007ff91656d000 	C:\WINDOWS\SYSTEM32\dhcpcsvc.DLL

dbghelp: loaded successfully - version: 4.0.5 - missing functions: none
symbol engine: initialized successfully - sym options: 0x614 - pdb path: .;G:\software\jdk\jdk-11.0.7\bin;C:\WINDOWS\SYSTEM32;C:\WINDOWS\WinSxS\amd64_microsoft.windows.common-controls_6595b64144ccf1df_6.0.19041.1083_none_60bbe31371f34e71;G:\software\jdk\jdk-11.0.7\bin\server

VM Arguments:
jvm_args: -Dcom.sun.management.jmxremote -Dcom.sun.management.jmxremote.port=57716 -Dcom.sun.management.jmxremote.authenticate=false -Dcom.sun.management.jmxremote.ssl=false -Djava.rmi.server.hostname=localhost -Dspring.jmx.enabled=true -Dspring.application.admin.enabled=true -Dsun.java2d.d3d=false -Xverify:none -XX:TieredStopAtLevel=1 -Dspring.boot.project.name=order-service -Dfile.encoding=Cp1252 
java_command: org.as.devtechsolution.order.OrderServiceApplication --spring.output.ansi.enabled=always
java_class_path (initial): E:\aditya\devzone\spring-ms\spring-boot-microservices\spring-boot-microservices\order-service\bin\main;C:\Users\Aditya\.gradle\caches\modules-2\files-2.1\org.projectlombok\lombok\1.18.20\18bcea7d5df4d49227b4a0743a536208ce4825bb\lombok-1.18.20.jar;C:\Users\Aditya\.gradle\caches\modules-2\files-2.1\org.springframework.boot\spring-boot-starter-data-jpa\2.5.2\5038e48790990bc137c9a7e1cd97901a1350eb37\spring-boot-starter-data-jpa-2.5.2.jar;C:\Users\Aditya\.gradle\caches\modules-2\files-2.1\org.springframework.boot\spring-boot-starter-web\2.5.2\9d68318f6607728e253030aa145e529bae9b0883\spring-boot-starter-web-2.5.2.jar;C:\Users\Aditya\.gradle\caches\modules-2\files-2.1\org.springframework.cloud\spring-cloud-starter-netflix-eureka-client\3.0.3\4a0a2920c7a9853ed45486b1e90625f679a23bca\spring-cloud-starter-netflix-eureka-client-3.0.3.jar;C:\Users\Aditya\.gradle\caches\modules-2\files-2.1\org.springframework.cloud\spring-cloud-starter-bootstrap\3.0.3\75ce3312247ec53f281a3526c817d91818186e5\spring-cloud-starter-bootstrap-3.0.3.jar;C:\Users\Aditya\.gradle\caches\modules-2\files-2.1\org.springframework.cloud\spring-cloud-starter-config\3.0.4\528c404b5396492b5d9d65007d710bec07cc4beb\spring-cloud-starter-config-3.0.4.jar;C:\Users\Aditya\.gradle\caches\modules-2\files-2.1\org.springframework.boot\spring-boot-starter-actuator\2.5.2\854b5574793363ac1c11a5d364b93c9489146e08\spring-boot-starter-actuator-2.5.2.jar;C:\Users\Aditya\.gradle\caches\modules-2\files-2.1\org.springframework.cloud\spring-cloud-starter-vault-config\3.0.3\b4b09c1aebabb15d7d3a673fea129a7b1a9aa944\spring-cloud-starter-vault-config-3.0.3.jar;C:\Users\Aditya\.gradle\caches\modules-2\files-2.1\org.springframework.cloud\spring-cloud-starter-bus-amqp\3.0.3\fa2aec8a91a0d00d688c7da6a1a364781f6df184\spring-cloud-starter-bus-amqp-3.0.3.jar;C:\Users\Aditya\.gradle\caches\modules-2\files-2.1\org.springframework.cloud\spring-cloud-starter-openfeign\3.0.3\9843ad8b689fa016e853e98e36cba8f9510e18f2\sprin
Launcher Type: SUN_STANDARD

[Global flags]
     bool BytecodeVerificationLocal                = false                                     {product} {command line}
     bool BytecodeVerificationRemote               = false                                     {product} {command line}
     intx CICompilerCount                          = 3                                         {product} {ergonomic}
     uint ConcGCThreads                            = 1                                         {product} {ergonomic}
     uint G1ConcRefinementThreads                  = 4                                         {product} {ergonomic}
   size_t G1HeapRegionSize                         = 1048576                                   {product} {ergonomic}
    uintx GCDrainStackTargetSize                   = 64                                        {product} {ergonomic}
   size_t InitialHeapSize                          = 201326592                                 {product} {ergonomic}
     bool ManagementServer                         = true                                      {product} {command line}
   size_t MarkStackSize                            = 4194304                                   {product} {ergonomic}
   size_t MaxHeapSize                              = 3198156800                                {product} {ergonomic}
   size_t MaxNewSize                               = 1918894080                                {product} {ergonomic}
   size_t MinHeapDeltaBytes                        = 1048576                                   {product} {ergonomic}
    uintx NonNMethodCodeHeapSize                   = 6973028                                {pd product} {ergonomic}
    uintx NonProfiledCodeHeapSize                  = 244685212                              {pd product} {ergonomic}
    uintx ProfiledCodeHeapSize                     = 0                                      {pd product} {ergonomic}
    uintx ReservedCodeCacheSize                    = 251658240                              {pd product} {ergonomic}
     bool SegmentedCodeCache                       = true                                      {product} {ergonomic}
     intx TieredStopAtLevel                        = 1                                         {product} {command line}
     bool UseCompressedClassPointers               = true                                 {lp64_product} {ergonomic}
     bool UseCompressedOops                        = true                                 {lp64_product} {ergonomic}
     bool UseG1GC                                  = true                                      {product} {ergonomic}
     bool UseLargePagesIndividualAllocation        = false                                  {pd product} {ergonomic}

Logging:
Log output configuration:
 #0: stdout all=warning uptime,level,tags
 #1: stderr all=off uptime,level,tags

Environment Variables:
JAVA_HOME=G:\software\jdk\jdk-11.0.7
PATH=C:/Program Files/Java/jre1.8.0_271/bin/server;C:/Program Files/Java/jre1.8.0_271/bin;C:/Program Files/Java/jre1.8.0_271/lib/amd64;C:\Program Files (x86)\Common Files\Oracle\Java\javapath;C:\Program Files (x86)\Intel\iCLS Client\;C:\Program Files\Intel\iCLS Client\;C:\WINDOWS\system32;C:\WINDOWS;C:\WINDOWS\System32\Wbem;C:\WINDOWS\System32\WindowsPowerShell\v1.0\;C:\Program Files (x86)\Intel\Intel(R) Management Engine Components\DAL;C:\Program Files\Intel\Intel(R) Management Engine Components\DAL;C:\Program Files (x86)\Intel\Intel(R) Management Engine Components\IPT;C:\Program Files\Intel\Intel(R) Management Engine Components\IPT;C:\Program Files (x86)\MySQL\MySQL Fabric 1.5 & MySQL Utilities 1.5\;C:\axis2\axis2\bin;C:\Program Files\Perforce;%LOCALAPPDATA%\Atom;C:\WINDOWS\System32\OpenSSH\;C:\Program Files (x86)\Brackets\command;C:\Program Files\Intel\WiFi\bin\;C:\Program Files\Common Files\Intel\WirelessCommon\;C:\Program Files\dotnet\;C:\Program Files\Microsoft SQL Server\130\Tools\Binn\;C:\Program Files\Microsoft SQL Server\Client SDK\ODBC\170\Tools\Binn\;G:\software\ide\scala\sbt\sbt\bin;C:\Program Files (x86)\scala\bin;C:\Program Files\nodejs\;C:\Program Files\PuTTY\;C:\Program Files\Git\cmd;G:\software;G:\software\ide\sts-4.6.1.RELEASE;
USERNAME=Aditya
OS=Windows_NT
PROCESSOR_IDENTIFIER=Intel64 Family 6 Model 61 Stepping 4, GenuineIntel



---------------  S Y S T E M  ---------------

OS: Windows 10 , 64 bit Build 19041 (10.0.19041.1023)

CPU:total 4 (initial active 4) (2 cores per cpu, 2 threads per core) family 6 model 61 stepping 4, cmov, cx8, fxsr, mmx, sse, sse2, sse3, ssse3, sse4.1, sse4.2, popcnt, avx, avx2, aes, clmul, erms, 3dnowpref, lzcnt, ht, tsc, tscinvbit, bmi1, bmi2, adx, fma

Memory: 4k page, system-wide physical 12198M (3401M free)
TotalPageFile size 24280M (AvailPageFile size 10319M)
current process WorkingSet (physical memory assigned to process): 139M, peak: 139M
current process commit charge ("private bytes"): 295M, peak: 295M

vm_info: Java HotSpot(TM) 64-Bit Server VM (11.0.7+8-LTS) for windows-amd64 JRE (11.0.7+8-LTS), built on Mar 12 2020 02:04:32 by "mach5one" with MS VC++ 15.5 (VS2017)

END.
